INFO [06-29|20:56:05] Maximum peer count                       ETH=25 LES=0 total=25
INFO [06-29|20:56:05] Starting peer-to-peer node               instance=Geth/v1.8.3-stable-bde954fd/linux-amd64/go1.9.2
INFO [06-29|20:56:05] Allocated cache and file handles         database=/root/gopath/src/github.com/GenaroNetwork/Genaro-Core/automatedScript/chainNode/chainNode1/geth/chaindata cache=768 handles=1024
WARN [06-29|20:56:05] Upgrading database to use lookup entries 
INFO [06-29|20:56:05] before genesis@genesis.go:176 
INFO [06-29|20:56:05] genesis is nil@genesis.go:178 
INFO [06-29|20:56:05] Database deduplication successful        deduped=0
INFO [06-29|20:56:05] Initialised chain configuration          config="{ChainID: 300 Homestead: 1 DAO: <nil> DAOSupport: false EIP150: 2 EIP155: 3 EIP158: 3 Byzantium: 4 Constantinople: <nil> Engine: genaro}"
INFO [06-29|20:56:05] Initialising Ethereum protocol           versions="[63 62]" network=1
INFO [06-29|20:56:05] Loaded most recent local header          number=0 hash=0412d7…05a311 td=1
INFO [06-29|20:56:05] Loaded most recent local full block      number=0 hash=0412d7…05a311 td=1
INFO [06-29|20:56:05] Loaded most recent local fast block      number=0 hash=0412d7…05a311 td=1
INFO [06-29|20:56:05] Regenerated local transaction journal    transactions=0 accounts=0
INFO [06-29|20:56:05] Prepare:1 
INFO [06-29|20:56:05] Finalize:1 
INFO [06-29|20:56:05] test 
INFO [06-29|20:56:05] accumulateInterestRewards 625            reward=0
INFO [06-29|20:56:05] Starting P2P networking 
INFO [06-29|20:56:07] UDP listener up                          self=enode://654c18078bafb060f1c4fbd1d42d585514eccd35d9186e7885dfaa505e8e9e6b2763b520dbe7ece00a01d2534ebe10a151e07cdf6f25c1e129461ce092cacfd3@[::]:30315
INFO [06-29|20:56:07] RLPx listener up                         self=enode://654c18078bafb060f1c4fbd1d42d585514eccd35d9186e7885dfaa505e8e9e6b2763b520dbe7ece00a01d2534ebe10a151e07cdf6f25c1e129461ce092cacfd3@[::]:30315
INFO [06-29|20:56:07] IPC endpoint opened                      url=/root/gopath/src/github.com/GenaroNetwork/Genaro-Core/automatedScript/chainNode/chainNode1/geth.ipc
INFO [06-29|20:56:07] HTTP endpoint opened                     url=http://0.0.0.0:8555                                                                                 cors=* vhosts=*
INFO [06-29|20:56:10] Unlocked account                         address=0xEbb97ad3Ca6B4F609DA161C0B2b0eAA4AD58f3E8
INFO [06-29|20:56:10] Transaction pool price threshold updated price=18000000000
INFO [06-29|20:56:10] Etherbase automatically configured       address=0xEbb97ad3Ca6B4F609DA161C0B2b0eAA4AD58f3E8
INFO [06-29|20:56:10] Authorize 
INFO [06-29|20:56:10] Starting mining operation 
INFO [06-29|20:56:10] Prepare:1 
INFO [06-29|20:56:10] Finalize:1 
INFO [06-29|20:56:10] test 
INFO [06-29|20:56:10] accumulateInterestRewards 625            reward=450078124999999999999
INFO [06-29|20:56:10] Commit new mining work                   number=1 txs=0 uncles=0 elapsed=541.253µs
INFO [06-29|20:56:10] Seal:1 
INFO [06-29|20:56:10] delay:-312.67053ms 
INFO [06-29|20:56:10] Successfully sealed new block            number=1 hash=b4f4a9…342f57
INFO [06-29|20:56:10] 🔨 mined potential block                  number=1 hash=b4f4a9…342f57
INFO [06-29|20:56:10] Prepare:2 
INFO [06-29|20:56:10] Finalize:2 
INFO [06-29|20:56:10] accumulateInterestRewards 625            reward=450078124999999999999
INFO [06-29|20:56:10] Commit new mining work                   number=2 txs=0 uncles=0 elapsed=554.163µs
INFO [06-29|20:56:10] Seal:2 
INFO [06-29|20:56:10] delay:1.685917492s 
INFO [06-29|20:56:12] Successfully sealed new block            number=2 hash=39efec…b05db8
INFO [06-29|20:56:12] 🔨 mined potential block                  number=2 hash=39efec…b05db8
INFO [06-29|20:56:12] Prepare:3 
INFO [06-29|20:56:12] Finalize:3 
INFO [06-29|20:56:12] accumulateInterestRewards 625            reward=450078124999999999999
INFO [06-29|20:56:12] Commit new mining work                   number=3 txs=0 uncles=0 elapsed=436.063µs
INFO [06-29|20:56:12] Seal:3 
INFO [06-29|20:56:12] delay:1.998190826s 
INFO [06-29|20:56:14] Successfully sealed new block            number=3 hash=42d886…15fa60
INFO [06-29|20:56:14] 🔨 mined potential block                  number=3 hash=42d886…15fa60
INFO [06-29|20:56:14] Prepare:4 
INFO [06-29|20:56:14] Finalize:4 
INFO [06-29|20:56:14] accumulateInterestRewards 625            reward=450078124999999999999
INFO [06-29|20:56:14] Commit new mining work                   number=4 txs=0 uncles=0 elapsed=406.922µs
INFO [06-29|20:56:14] Seal:4 
INFO [06-29|20:56:14] delay:1.995712125s 
INFO [06-29|20:56:16] Successfully sealed new block            number=4 hash=9091f0…067d25
INFO [06-29|20:56:16] 🔨 mined potential block                  number=4 hash=9091f0…067d25
INFO [06-29|20:56:16] Prepare:5 
INFO [06-29|20:56:16] Finalize:5 
INFO [06-29|20:56:16] accumulateInterestRewards 625            reward=450078124999999999999
INFO [06-29|20:56:16] Commit new mining work                   number=5 txs=0 uncles=0 elapsed=516.488µs
INFO [06-29|20:56:16] Seal:5 
INFO [06-29|20:56:16] delay:1.997867209s 
INFO [06-29|20:56:18] Successfully sealed new block            number=5 hash=b6d952…424bf6
INFO [06-29|20:56:18] 🔨 mined potential block                  number=5 hash=b6d952…424bf6
INFO [06-29|20:56:18] Prepare:6 
INFO [06-29|20:56:18] Finalize:6 
INFO [06-29|20:56:18] accumulateInterestRewards 625            reward=450078124999999999999
INFO [06-29|20:56:18] Commit new mining work                   number=6 txs=0 uncles=0 elapsed=818.577µs
INFO [06-29|20:56:18] Seal:6 
INFO [06-29|20:56:18] delay:1.997722841s 
INFO [06-29|20:56:20] Successfully sealed new block            number=6 hash=980a5e…4c1b03
INFO [06-29|20:56:20] 🔗 block reached canonical chain          number=1 hash=b4f4a9…342f57
INFO [06-29|20:56:20] 🔨 mined potential block                  number=6 hash=980a5e…4c1b03
INFO [06-29|20:56:20] Prepare:7 
INFO [06-29|20:56:20] Finalize:7 
INFO [06-29|20:56:20] accumulateInterestRewards 625            reward=450078124999999999999
INFO [06-29|20:56:20] Commit new mining work                   number=7 txs=0 uncles=0 elapsed=421.984µs
INFO [06-29|20:56:20] Seal:7 
INFO [06-29|20:56:20] delay:1.998386738s 
INFO [06-29|20:56:22] Successfully sealed new block            number=7 hash=d8d7ff…241dc4
INFO [06-29|20:56:22] 🔗 block reached canonical chain          number=2 hash=39efec…b05db8
INFO [06-29|20:56:22] 🔨 mined potential block                  number=7 hash=d8d7ff…241dc4
INFO [06-29|20:56:22] Prepare:8 
INFO [06-29|20:56:22] Finalize:8 
INFO [06-29|20:56:22] accumulateInterestRewards 625            reward=450078124999999999999
INFO [06-29|20:56:22] Commit new mining work                   number=8 txs=0 uncles=0 elapsed=428.941µs
INFO [06-29|20:56:22] Seal:8 
INFO [06-29|20:56:22] delay:1.998217363s 
INFO [06-29|20:56:24] Successfully sealed new block            number=8 hash=ae3c81…143fe3
INFO [06-29|20:56:24] 🔗 block reached canonical chain          number=3 hash=42d886…15fa60
INFO [06-29|20:56:24] 🔨 mined potential block                  number=8 hash=ae3c81…143fe3
INFO [06-29|20:56:24] Prepare:9 
INFO [06-29|20:56:24] Finalize:9 
INFO [06-29|20:56:24] accumulateInterestRewards 625            reward=450078124999999999999
INFO [06-29|20:56:24] Commit new mining work                   number=9 txs=0 uncles=0 elapsed=436.722µs
INFO [06-29|20:56:24] Seal:9 
INFO [06-29|20:56:24] delay:1.99813789s 
INFO [06-29|20:56:26] Successfully sealed new block            number=9 hash=37e94d…7c1c24
INFO [06-29|20:56:26] 🔗 block reached canonical chain          number=4 hash=9091f0…067d25
INFO [06-29|20:56:26] 🔨 mined potential block                  number=9 hash=37e94d…7c1c24
INFO [06-29|20:56:26] Prepare:10 
INFO [06-29|20:56:26] Finalize:10 
INFO [06-29|20:56:26] accumulateInterestRewards 625            reward=450078124999999999999
INFO [06-29|20:56:26] Commit new mining work                   number=10 txs=0 uncles=0 elapsed=451.677µs
INFO [06-29|20:56:26] Seal:10 
INFO [06-29|20:56:26] delay:998.090865ms 
INFO [06-29|20:56:27] Successfully sealed new block            number=10 hash=707886…fd399d
INFO [06-29|20:56:27] 🔗 block reached canonical chain          number=5  hash=b6d952…424bf6
INFO [06-29|20:56:27] 🔨 mined potential block                  number=10 hash=707886…fd399d
INFO [06-29|20:56:27] Prepare:11 
INFO [06-29|20:56:27] Finalize:11 
INFO [06-29|20:56:27] accumulateInterestRewards 625            reward=450078124999999999999
INFO [06-29|20:56:27] Commit new mining work                   number=11 txs=0 uncles=0 elapsed=383.749µs
INFO [06-29|20:56:27] Seal:11 
INFO [06-29|20:56:27] delay:998.31543ms 
INFO [06-29|20:56:28] Successfully sealed new block            number=11 hash=2c64e4…ea7872
INFO [06-29|20:56:28] 🔗 block reached canonical chain          number=6  hash=980a5e…4c1b03
INFO [06-29|20:56:28] 🔨 mined potential block                  number=11 hash=2c64e4…ea7872
INFO [06-29|20:56:28] Prepare:12 
INFO [06-29|20:56:28] Finalize:12 
INFO [06-29|20:56:28] accumulateInterestRewards 625            reward=450078124999999999999
INFO [06-29|20:56:28] Commit new mining work                   number=12 txs=0 uncles=0 elapsed=517.128µs
INFO [06-29|20:56:28] Seal:12 
INFO [06-29|20:56:28] delay:993.715665ms 
INFO [06-29|20:56:29] Successfully sealed new block            number=12 hash=6023f3…323896
INFO [06-29|20:56:29] 🔗 block reached canonical chain          number=7  hash=d8d7ff…241dc4
INFO [06-29|20:56:29] 🔨 mined potential block                  number=12 hash=6023f3…323896
INFO [06-29|20:56:29] Prepare:13 
INFO [06-29|20:56:29] Finalize:13 
INFO [06-29|20:56:29] accumulateInterestRewards 625            reward=450078124999999999999
INFO [06-29|20:56:29] Commit new mining work                   number=13 txs=0 uncles=0 elapsed=403.096µs
INFO [06-29|20:56:29] Seal:13 
INFO [06-29|20:56:29] delay:996.581321ms 
INFO [06-29|20:56:30] Successfully sealed new block            number=13 hash=958846…1ad44a
INFO [06-29|20:56:30] 🔗 block reached canonical chain          number=8  hash=ae3c81…143fe3
INFO [06-29|20:56:30] 🔨 mined potential block                  number=13 hash=958846…1ad44a
INFO [06-29|20:56:30] Prepare:14 
INFO [06-29|20:56:30] Finalize:14 
INFO [06-29|20:56:30] accumulateInterestRewards 625            reward=450078124999999999999
INFO [06-29|20:56:30] Commit new mining work                   number=14 txs=0 uncles=0 elapsed=421.818µs
INFO [06-29|20:56:30] Seal:14 
INFO [06-29|20:56:30] delay:997.372033ms 
INFO [06-29|20:56:31] Successfully sealed new block            number=14 hash=d80844…8cf841
INFO [06-29|20:56:31] 🔗 block reached canonical chain          number=9  hash=37e94d…7c1c24
INFO [06-29|20:56:31] 🔨 mined potential block                  number=14 hash=d80844…8cf841
INFO [06-29|20:56:31] Prepare:15 
INFO [06-29|20:56:31] Finalize:15 
INFO [06-29|20:56:31] accumulateInterestRewards 625            reward=450078124999999999999
INFO [06-29|20:56:31] Commit new mining work                   number=15 txs=0 uncles=0 elapsed=392.575µs
INFO [06-29|20:56:31] Seal:15 
INFO [06-29|20:56:31] delay:997.318025ms 
INFO [06-29|20:56:32] Successfully sealed new block            number=15 hash=b4b7c7…281183
INFO [06-29|20:56:32] 🔗 block reached canonical chain          number=10 hash=707886…fd399d
INFO [06-29|20:56:32] 🔨 mined potential block                  number=15 hash=b4b7c7…281183
INFO [06-29|20:56:32] Prepare:16 
INFO [06-29|20:56:32] Finalize:16 
INFO [06-29|20:56:32] accumulateInterestRewards 625            reward=450078124999999999999
INFO [06-29|20:56:32] Commit new mining work                   number=16 txs=0 uncles=0 elapsed=383.422µs
INFO [06-29|20:56:32] Seal:16 
INFO [06-29|20:56:32] delay:995.525176ms 
INFO [06-29|20:56:33] Successfully sealed new block            number=16 hash=006ff8…de44cd
INFO [06-29|20:56:33] 🔗 block reached canonical chain          number=11 hash=2c64e4…ea7872
INFO [06-29|20:56:33] 🔨 mined potential block                  number=16 hash=006ff8…de44cd
INFO [06-29|20:56:33] Prepare:17 
INFO [06-29|20:56:33] Finalize:17 
INFO [06-29|20:56:33] accumulateInterestRewards 625            reward=450078124999999999999
INFO [06-29|20:56:33] Commit new mining work                   number=17 txs=0 uncles=0 elapsed=508.364µs
INFO [06-29|20:56:33] Seal:17 
INFO [06-29|20:56:33] delay:994.611872ms 
INFO [06-29|20:56:34] Successfully sealed new block            number=17 hash=6cecbc…e6d21e
INFO [06-29|20:56:34] 🔗 block reached canonical chain          number=12 hash=6023f3…323896
INFO [06-29|20:56:34] 🔨 mined potential block                  number=17 hash=6cecbc…e6d21e
INFO [06-29|20:56:34] Prepare:18 
INFO [06-29|20:56:34] Finalize:18 
INFO [06-29|20:56:34] accumulateInterestRewards 625            reward=450078124999999999999
INFO [06-29|20:56:34] Commit new mining work                   number=18 txs=0 uncles=0 elapsed=395.044µs
INFO [06-29|20:56:34] Seal:18 
INFO [06-29|20:56:34] delay:997.36428ms 
INFO [06-29|20:56:35] Successfully sealed new block            number=18 hash=7c9f9f…ddf08f
INFO [06-29|20:56:35] 🔗 block reached canonical chain          number=13 hash=958846…1ad44a
INFO [06-29|20:56:35] 🔨 mined potential block                  number=18 hash=7c9f9f…ddf08f
INFO [06-29|20:56:35] Prepare:19 
INFO [06-29|20:56:35] Finalize:19 
INFO [06-29|20:56:35] accumulateInterestRewards 625            reward=450078124999999999999
INFO [06-29|20:56:35] Commit new mining work                   number=19 txs=0 uncles=0 elapsed=410.489µs
INFO [06-29|20:56:35] Seal:19 
INFO [06-29|20:56:35] delay:997.191353ms 
INFO [06-29|20:56:36] Successfully sealed new block            number=19 hash=8b17f9…8a489e
INFO [06-29|20:56:36] 🔗 block reached canonical chain          number=14 hash=d80844…8cf841
INFO [06-29|20:56:36] 🔨 mined potential block                  number=19 hash=8b17f9…8a489e
INFO [06-29|20:56:36] Prepare:20 
INFO [06-29|20:56:36] Finalize:20 
INFO [06-29|20:56:36] accumulateInterestRewards 625            reward=450078124999999999999
INFO [06-29|20:56:36] Commit new mining work                   number=20 txs=0 uncles=0 elapsed=529.607µs
INFO [06-29|20:56:36] Seal:20 
INFO [06-29|20:56:36] delay:1.993674609s 
INFO [06-29|20:56:38] Successfully sealed new block            number=20 hash=3771f7…2de4a6
INFO [06-29|20:56:38] 🔗 block reached canonical chain          number=15 hash=b4b7c7…281183
INFO [06-29|20:56:38] 🔨 mined potential block                  number=20 hash=3771f7…2de4a6
INFO [06-29|20:56:38] Prepare:21 
INFO [06-29|20:56:38] Finalize:21 
INFO [06-29|20:56:38] accumulateInterestRewards 625            reward=450078124999999999999
INFO [06-29|20:56:38] Commit new mining work                   number=21 txs=0 uncles=0 elapsed=360.282µs
INFO [06-29|20:56:38] Seal:21 
INFO [06-29|20:56:38] delay:1.996023883s 
INFO [06-29|20:56:40] Successfully sealed new block            number=21 hash=58ba77…c72e81
INFO [06-29|20:56:40] 🔗 block reached canonical chain          number=16 hash=006ff8…de44cd
INFO [06-29|20:56:40] 🔨 mined potential block                  number=21 hash=58ba77…c72e81
INFO [06-29|20:56:40] Prepare:22 
INFO [06-29|20:56:40] Finalize:22 
INFO [06-29|20:56:40] accumulateInterestRewards 625            reward=450078124999999999999
INFO [06-29|20:56:40] Commit new mining work                   number=22 txs=0 uncles=0 elapsed=417.821µs
INFO [06-29|20:56:40] Seal:22 
INFO [06-29|20:56:40] delay:1.994389064s 
INFO [06-29|20:56:42] Successfully sealed new block            number=22 hash=8218e9…5ca86f
INFO [06-29|20:56:42] 🔗 block reached canonical chain          number=17 hash=6cecbc…e6d21e
INFO [06-29|20:56:42] 🔨 mined potential block                  number=22 hash=8218e9…5ca86f
INFO [06-29|20:56:42] Prepare:23 
INFO [06-29|20:56:42] Finalize:23 
INFO [06-29|20:56:42] accumulateInterestRewards 625            reward=450078124999999999999
INFO [06-29|20:56:42] Commit new mining work                   number=23 txs=0 uncles=0 elapsed=391.83µs
INFO [06-29|20:56:42] Seal:23 
INFO [06-29|20:56:42] delay:1.99720528s 
INFO [06-29|20:56:44] Successfully sealed new block            number=23 hash=03847d…35ad42
INFO [06-29|20:56:44] 🔗 block reached canonical chain          number=18 hash=7c9f9f…ddf08f
INFO [06-29|20:56:44] 🔨 mined potential block                  number=23 hash=03847d…35ad42
INFO [06-29|20:56:44] Prepare:24 
INFO [06-29|20:56:44] Finalize:24 
INFO [06-29|20:56:44] accumulateInterestRewards 625            reward=450078124999999999999
INFO [06-29|20:56:44] Commit new mining work                   number=24 txs=0 uncles=0 elapsed=384.945µs
INFO [06-29|20:56:44] Seal:24 
INFO [06-29|20:56:44] delay:1.99440209s 
INFO [06-29|20:56:46] Successfully sealed new block            number=24 hash=66dac8…c9294c
INFO [06-29|20:56:46] 🔗 block reached canonical chain          number=19 hash=8b17f9…8a489e
INFO [06-29|20:56:46] 🔨 mined potential block                  number=24 hash=66dac8…c9294c
INFO [06-29|20:56:46] Prepare:25 
INFO [06-29|20:56:46] Finalize:25 
INFO [06-29|20:56:46] accumulateInterestRewards 625            reward=450078124999999999999
INFO [06-29|20:56:46] Commit new mining work                   number=25 txs=0 uncles=0 elapsed=450.073µs
INFO [06-29|20:56:46] Seal:25 
INFO [06-29|20:56:46] delay:1.997162034s 
INFO [06-29|20:56:48] Successfully sealed new block            number=25 hash=0fcb7f…3a96f3
INFO [06-29|20:56:48] 🔗 block reached canonical chain          number=20 hash=3771f7…2de4a6
INFO [06-29|20:56:48] 🔨 mined potential block                  number=25 hash=0fcb7f…3a96f3
INFO [06-29|20:56:48] Prepare:26 
INFO [06-29|20:56:48] Finalize:26 
INFO [06-29|20:56:48] accumulateInterestRewards 625            reward=450078124999999999999
INFO [06-29|20:56:48] Commit new mining work                   number=26 txs=0 uncles=0 elapsed=3.746ms
INFO [06-29|20:56:48] Seal:26 
INFO [06-29|20:56:48] delay:1.992306948s 
INFO [06-29|20:56:50] Successfully sealed new block            number=26 hash=c936a4…452eac
INFO [06-29|20:56:50] 🔗 block reached canonical chain          number=21 hash=58ba77…c72e81
INFO [06-29|20:56:50] 🔨 mined potential block                  number=26 hash=c936a4…452eac
INFO [06-29|20:56:50] Prepare:27 
INFO [06-29|20:56:50] Finalize:27 
INFO [06-29|20:56:50] accumulateInterestRewards 625            reward=450078124999999999999
INFO [06-29|20:56:50] Commit new mining work                   number=27 txs=0 uncles=0 elapsed=943.751µs
INFO [06-29|20:56:50] Seal:27 
INFO [06-29|20:56:50] delay:1.994289002s 
INFO [06-29|20:56:52] Successfully sealed new block            number=27 hash=ca3037…028a76
INFO [06-29|20:56:52] 🔗 block reached canonical chain          number=22 hash=8218e9…5ca86f
INFO [06-29|20:56:52] 🔨 mined potential block                  number=27 hash=ca3037…028a76
INFO [06-29|20:56:52] Prepare:28 
INFO [06-29|20:56:52] Finalize:28 
INFO [06-29|20:56:52] accumulateInterestRewards 625            reward=450078124999999999999
INFO [06-29|20:56:52] Commit new mining work                   number=28 txs=0 uncles=0 elapsed=546.987µs
INFO [06-29|20:56:52] Seal:28 
INFO [06-29|20:56:52] delay:1.993855249s 
INFO [06-29|20:56:54] Successfully sealed new block            number=28 hash=184623…9e17bf
INFO [06-29|20:56:54] 🔗 block reached canonical chain          number=23 hash=03847d…35ad42
INFO [06-29|20:56:54] 🔨 mined potential block                  number=28 hash=184623…9e17bf
INFO [06-29|20:56:54] Prepare:29 
INFO [06-29|20:56:54] Finalize:29 
INFO [06-29|20:56:54] accumulateInterestRewards 625            reward=450078124999999999999
INFO [06-29|20:56:54] Commit new mining work                   number=29 txs=0 uncles=0 elapsed=996.952µs
INFO [06-29|20:56:54] Seal:29 
INFO [06-29|20:56:54] delay:1.994729507s 
INFO [06-29|20:56:56] Successfully sealed new block            number=29 hash=e1c68d…4e602b
INFO [06-29|20:56:56] 🔗 block reached canonical chain          number=24 hash=66dac8…c9294c
INFO [06-29|20:56:56] 🔨 mined potential block                  number=29 hash=e1c68d…4e602b
INFO [06-29|20:56:56] Prepare:30 
INFO [06-29|20:56:56] Finalize:30 
INFO [06-29|20:56:56] accumulateInterestRewards 625            reward=450078124999999999999
INFO [06-29|20:56:56] Commit new mining work                   number=30 txs=0 uncles=0 elapsed=363.402µs
INFO [06-29|20:56:56] Seal:30 
INFO [06-29|20:56:56] delay:991.413989ms 
INFO [06-29|20:56:57] Successfully sealed new block            number=30 hash=a10fd3…e837c4
INFO [06-29|20:56:57] 🔗 block reached canonical chain          number=25 hash=0fcb7f…3a96f3
INFO [06-29|20:56:57] 🔨 mined potential block                  number=30 hash=a10fd3…e837c4
INFO [06-29|20:56:57] Prepare:31 
INFO [06-29|20:56:57] Finalize:31 
INFO [06-29|20:56:57] accumulateInterestRewards 625            reward=450078124999999999999
INFO [06-29|20:56:57] Commit new mining work                   number=31 txs=0 uncles=0 elapsed=432.285µs
INFO [06-29|20:56:57] Seal:31 
INFO [06-29|20:56:57] delay:997.081947ms 
INFO [06-29|20:56:58] Successfully sealed new block            number=31 hash=70ec01…cdf8c9
INFO [06-29|20:56:58] 🔗 block reached canonical chain          number=26 hash=c936a4…452eac
INFO [06-29|20:56:58] 🔨 mined potential block                  number=31 hash=70ec01…cdf8c9
INFO [06-29|20:56:58] Prepare:32 
INFO [06-29|20:56:58] Finalize:32 
INFO [06-29|20:56:58] accumulateInterestRewards 625            reward=450078124999999999999
INFO [06-29|20:56:58] Commit new mining work                   number=32 txs=0 uncles=0 elapsed=417.382µs
INFO [06-29|20:56:58] Seal:32 
INFO [06-29|20:56:58] delay:997.322779ms 
INFO [06-29|20:56:59] Successfully sealed new block            number=32 hash=499d00…53f972
INFO [06-29|20:56:59] 🔗 block reached canonical chain          number=27 hash=ca3037…028a76
INFO [06-29|20:56:59] 🔨 mined potential block                  number=32 hash=499d00…53f972
INFO [06-29|20:56:59] Prepare:33 
INFO [06-29|20:56:59] Finalize:33 
INFO [06-29|20:56:59] accumulateInterestRewards 625            reward=450078124999999999999
INFO [06-29|20:56:59] Commit new mining work                   number=33 txs=0 uncles=0 elapsed=458.983µs
INFO [06-29|20:56:59] Seal:33 
INFO [06-29|20:56:59] delay:997.231709ms 
INFO [06-29|20:57:00] Successfully sealed new block            number=33 hash=427475…87c2e0
INFO [06-29|20:57:00] 🔗 block reached canonical chain          number=28 hash=184623…9e17bf
INFO [06-29|20:57:00] 🔨 mined potential block                  number=33 hash=427475…87c2e0
INFO [06-29|20:57:00] Prepare:34 
INFO [06-29|20:57:00] Finalize:34 
INFO [06-29|20:57:00] accumulateInterestRewards 625            reward=450078124999999999999
INFO [06-29|20:57:00] Commit new mining work                   number=34 txs=0 uncles=0 elapsed=394.234µs
INFO [06-29|20:57:00] Seal:34 
INFO [06-29|20:57:00] delay:996.181564ms 
INFO [06-29|20:57:01] Successfully sealed new block            number=34 hash=de434e…0421e5
INFO [06-29|20:57:01] 🔗 block reached canonical chain          number=29 hash=e1c68d…4e602b
INFO [06-29|20:57:01] 🔨 mined potential block                  number=34 hash=de434e…0421e5
INFO [06-29|20:57:01] Prepare:35 
INFO [06-29|20:57:01] Finalize:35 
INFO [06-29|20:57:01] accumulateInterestRewards 625            reward=450078124999999999999
INFO [06-29|20:57:01] Commit new mining work                   number=35 txs=0 uncles=0 elapsed=412.537µs
INFO [06-29|20:57:01] Seal:35 
INFO [06-29|20:57:01] delay:997.292672ms 
INFO [06-29|20:57:02] Successfully sealed new block            number=35 hash=004dc0…5639b3
INFO [06-29|20:57:02] 🔗 block reached canonical chain          number=30 hash=a10fd3…e837c4
INFO [06-29|20:57:02] 🔨 mined potential block                  number=35 hash=004dc0…5639b3
INFO [06-29|20:57:02] Prepare:36 
INFO [06-29|20:57:02] Finalize:36 
INFO [06-29|20:57:02] accumulateInterestRewards 625            reward=450078124999999999999
INFO [06-29|20:57:02] Commit new mining work                   number=36 txs=0 uncles=0 elapsed=459.385µs
INFO [06-29|20:57:02] Seal:36 
INFO [06-29|20:57:02] delay:997.16862ms 
INFO [06-29|20:57:03] Successfully sealed new block            number=36 hash=6e0f04…359ede
INFO [06-29|20:57:03] 🔗 block reached canonical chain          number=31 hash=70ec01…cdf8c9
INFO [06-29|20:57:03] 🔨 mined potential block                  number=36 hash=6e0f04…359ede
INFO [06-29|20:57:03] Prepare:37 
INFO [06-29|20:57:03] Finalize:37 
INFO [06-29|20:57:03] accumulateInterestRewards 625            reward=450078124999999999999
INFO [06-29|20:57:03] Commit new mining work                   number=37 txs=0 uncles=0 elapsed=549.639µs
INFO [06-29|20:57:03] Seal:37 
INFO [06-29|20:57:03] delay:994.352089ms 
INFO [06-29|20:57:04] Successfully sealed new block            number=37 hash=ccb5d8…3f64a3
INFO [06-29|20:57:04] 🔗 block reached canonical chain          number=32 hash=499d00…53f972
INFO [06-29|20:57:04] 🔨 mined potential block                  number=37 hash=ccb5d8…3f64a3
INFO [06-29|20:57:04] Prepare:38 
INFO [06-29|20:57:04] Finalize:38 
INFO [06-29|20:57:04] accumulateInterestRewards 625            reward=450078124999999999999
INFO [06-29|20:57:04] Commit new mining work                   number=38 txs=0 uncles=0 elapsed=348.779µs
INFO [06-29|20:57:04] Seal:38 
INFO [06-29|20:57:04] delay:996.205852ms 
INFO [06-29|20:57:05] Successfully sealed new block            number=38 hash=f44853…370404
INFO [06-29|20:57:05] 🔗 block reached canonical chain          number=33 hash=427475…87c2e0
INFO [06-29|20:57:05] 🔨 mined potential block                  number=38 hash=f44853…370404
INFO [06-29|20:57:05] Prepare:39 
INFO [06-29|20:57:05] Finalize:39 
INFO [06-29|20:57:05] accumulateInterestRewards 625            reward=450078124999999999999
INFO [06-29|20:57:05] Commit new mining work                   number=39 txs=0 uncles=0 elapsed=532.732µs
INFO [06-29|20:57:05] Seal:39 
INFO [06-29|20:57:05] delay:996.945561ms 
INFO [06-29|20:57:06] Successfully sealed new block            number=39 hash=2b5031…cfb6ae
INFO [06-29|20:57:06] 🔗 block reached canonical chain          number=34 hash=de434e…0421e5
INFO [06-29|20:57:06] 🔨 mined potential block                  number=39 hash=2b5031…cfb6ae
INFO [06-29|20:57:06] Prepare:40 
INFO [06-29|20:57:06] Finalize:40 
INFO [06-29|20:57:06] accumulateInterestRewards 625            reward=450078124999999999999
INFO [06-29|20:57:06] Commit new mining work                   number=40 txs=0 uncles=0 elapsed=457.172µs
INFO [06-29|20:57:06] Seal:40 
INFO [06-29|20:57:06] delay:1.995110106s 
INFO [06-29|20:57:08] Successfully sealed new block            number=40 hash=8c67e3…04990c
INFO [06-29|20:57:08] 🔗 block reached canonical chain          number=35 hash=004dc0…5639b3
INFO [06-29|20:57:08] 🔨 mined potential block                  number=40 hash=8c67e3…04990c
INFO [06-29|20:57:08] Prepare:41 
INFO [06-29|20:57:08] Finalize:41 
INFO [06-29|20:57:08] accumulateInterestRewards 625            reward=450078124999999999999
INFO [06-29|20:57:08] Commit new mining work                   number=41 txs=0 uncles=0 elapsed=480.808µs
INFO [06-29|20:57:08] Seal:41 
INFO [06-29|20:57:08] delay:1.992971008s 
INFO [06-29|20:57:10] Successfully sealed new block            number=41 hash=7e1381…28223d
INFO [06-29|20:57:10] 🔗 block reached canonical chain          number=36 hash=6e0f04…359ede
INFO [06-29|20:57:10] 🔨 mined potential block                  number=41 hash=7e1381…28223d
INFO [06-29|20:57:10] Prepare:42 
INFO [06-29|20:57:10] Finalize:42 
INFO [06-29|20:57:10] accumulateInterestRewards 625            reward=450078124999999999999
INFO [06-29|20:57:10] Commit new mining work                   number=42 txs=0 uncles=0 elapsed=363.506µs
INFO [06-29|20:57:10] Seal:42 
INFO [06-29|20:57:10] delay:1.995662777s 
INFO [06-29|20:57:12] Successfully sealed new block            number=42 hash=637fb3…973145
INFO [06-29|20:57:12] 🔗 block reached canonical chain          number=37 hash=ccb5d8…3f64a3
INFO [06-29|20:57:12] 🔨 mined potential block                  number=42 hash=637fb3…973145
INFO [06-29|20:57:12] Prepare:43 
INFO [06-29|20:57:12] Finalize:43 
INFO [06-29|20:57:12] accumulateInterestRewards 625            reward=450078124999999999999
INFO [06-29|20:57:12] Commit new mining work                   number=43 txs=0 uncles=0 elapsed=406.372µs
INFO [06-29|20:57:12] Seal:43 
INFO [06-29|20:57:12] delay:1.996895012s 
INFO [06-29|20:57:14] Successfully sealed new block            number=43 hash=a71f05…dea85e
INFO [06-29|20:57:14] 🔗 block reached canonical chain          number=38 hash=f44853…370404
INFO [06-29|20:57:14] 🔨 mined potential block                  number=43 hash=a71f05…dea85e
INFO [06-29|20:57:14] Prepare:44 
INFO [06-29|20:57:14] Finalize:44 
INFO [06-29|20:57:14] accumulateInterestRewards 625            reward=450078124999999999999
INFO [06-29|20:57:14] Commit new mining work                   number=44 txs=0 uncles=0 elapsed=359.815µs
INFO [06-29|20:57:14] Seal:44 
INFO [06-29|20:57:14] delay:1.995378387s 
INFO [06-29|20:57:16] Successfully sealed new block            number=44 hash=ef57e4…d0667c
INFO [06-29|20:57:16] 🔗 block reached canonical chain          number=39 hash=2b5031…cfb6ae
INFO [06-29|20:57:16] 🔨 mined potential block                  number=44 hash=ef57e4…d0667c
INFO [06-29|20:57:16] Prepare:45 
INFO [06-29|20:57:16] Finalize:45 
INFO [06-29|20:57:16] accumulateInterestRewards 625            reward=450078124999999999999
INFO [06-29|20:57:16] Commit new mining work                   number=45 txs=0 uncles=0 elapsed=519.71µs
INFO [06-29|20:57:16] Seal:45 
INFO [06-29|20:57:16] delay:1.994332567s 
INFO [06-29|20:57:18] Successfully sealed new block            number=45 hash=50294f…ebd39e
INFO [06-29|20:57:18] 🔗 block reached canonical chain          number=40 hash=8c67e3…04990c
INFO [06-29|20:57:18] 🔨 mined potential block                  number=45 hash=50294f…ebd39e
INFO [06-29|20:57:18] Prepare:46 
INFO [06-29|20:57:18] Finalize:46 
INFO [06-29|20:57:18] accumulateInterestRewards 625            reward=450078124999999999999
INFO [06-29|20:57:18] Commit new mining work                   number=46 txs=0 uncles=0 elapsed=719.575µs
INFO [06-29|20:57:18] Seal:46 
INFO [06-29|20:57:18] delay:1.994015521s 
INFO [06-29|20:57:20] Successfully sealed new block            number=46 hash=320b35…2f9037
INFO [06-29|20:57:20] 🔗 block reached canonical chain          number=41 hash=7e1381…28223d
INFO [06-29|20:57:20] 🔨 mined potential block                  number=46 hash=320b35…2f9037
INFO [06-29|20:57:20] Prepare:47 
INFO [06-29|20:57:20] Finalize:47 
INFO [06-29|20:57:20] accumulateInterestRewards 625            reward=450078124999999999999
INFO [06-29|20:57:20] Commit new mining work                   number=47 txs=0 uncles=0 elapsed=1.150ms
INFO [06-29|20:57:20] Seal:47 
INFO [06-29|20:57:20] delay:1.996280258s 
INFO [06-29|20:57:22] Successfully sealed new block            number=47 hash=d7a342…a39e71
INFO [06-29|20:57:22] 🔗 block reached canonical chain          number=42 hash=637fb3…973145
INFO [06-29|20:57:22] 🔨 mined potential block                  number=47 hash=d7a342…a39e71
INFO [06-29|20:57:22] Prepare:48 
INFO [06-29|20:57:22] Finalize:48 
INFO [06-29|20:57:22] accumulateInterestRewards 625            reward=450078124999999999999
INFO [06-29|20:57:22] Commit new mining work                   number=48 txs=0 uncles=0 elapsed=879.563µs
INFO [06-29|20:57:22] Seal:48 
INFO [06-29|20:57:22] delay:1.99408399s 
INFO [06-29|20:57:24] Successfully sealed new block            number=48 hash=13f5f8…20bf76
INFO [06-29|20:57:24] 🔗 block reached canonical chain          number=43 hash=a71f05…dea85e
INFO [06-29|20:57:24] 🔨 mined potential block                  number=48 hash=13f5f8…20bf76
INFO [06-29|20:57:24] Prepare:49 
INFO [06-29|20:57:24] Finalize:49 
INFO [06-29|20:57:24] accumulateInterestRewards 625            reward=450078124999999999999
INFO [06-29|20:57:24] Commit new mining work                   number=49 txs=0 uncles=0 elapsed=417.812µs
INFO [06-29|20:57:24] Seal:49 
INFO [06-29|20:57:24] delay:1.997396101s 
INFO [06-29|20:57:26] Successfully sealed new block            number=49 hash=52f30f…a67152
INFO [06-29|20:57:26] 🔗 block reached canonical chain          number=44 hash=ef57e4…d0667c
INFO [06-29|20:57:26] 🔨 mined potential block                  number=49 hash=52f30f…a67152
INFO [06-29|20:57:26] Prepare:50 
INFO [06-29|20:57:26] Finalize:50 
INFO [06-29|20:57:26] accumulateInterestRewards 625            reward=450078124999999999999
INFO [06-29|20:57:26] Commit new mining work                   number=50 txs=0 uncles=0 elapsed=549.57µs
INFO [06-29|20:57:26] Seal:50 
INFO [06-29|20:57:26] delay:996.873809ms 
INFO [06-29|20:57:27] Successfully sealed new block            number=50 hash=c0a6ee…7c4946
INFO [06-29|20:57:27] 🔗 block reached canonical chain          number=45 hash=50294f…ebd39e
INFO [06-29|20:57:27] 🔨 mined potential block                  number=50 hash=c0a6ee…7c4946
INFO [06-29|20:57:27] Prepare:51 
INFO [06-29|20:57:27] Finalize:51 
INFO [06-29|20:57:27] accumulateInterestRewards 625            reward=450078124999999999999
INFO [06-29|20:57:27] Commit new mining work                   number=51 txs=0 uncles=0 elapsed=536.461µs
INFO [06-29|20:57:27] Seal:51 
INFO [06-29|20:57:27] delay:996.99769ms 
INFO [06-29|20:57:28] Successfully sealed new block            number=51 hash=740373…cfcf14
INFO [06-29|20:57:28] 🔗 block reached canonical chain          number=46 hash=320b35…2f9037
INFO [06-29|20:57:28] 🔨 mined potential block                  number=51 hash=740373…cfcf14
INFO [06-29|20:57:28] Prepare:52 
INFO [06-29|20:57:28] Finalize:52 
INFO [06-29|20:57:28] accumulateInterestRewards 625            reward=450078124999999999999
INFO [06-29|20:57:28] Commit new mining work                   number=52 txs=0 uncles=0 elapsed=461.559µs
INFO [06-29|20:57:28] Seal:52 
INFO [06-29|20:57:28] delay:995.674518ms 
INFO [06-29|20:57:29] Successfully sealed new block            number=52 hash=f2d153…ecb0fb
INFO [06-29|20:57:29] 🔗 block reached canonical chain          number=47 hash=d7a342…a39e71
INFO [06-29|20:57:29] 🔨 mined potential block                  number=52 hash=f2d153…ecb0fb
INFO [06-29|20:57:29] Prepare:53 
INFO [06-29|20:57:29] Finalize:53 
INFO [06-29|20:57:29] accumulateInterestRewards 625            reward=450078124999999999999
INFO [06-29|20:57:29] Commit new mining work                   number=53 txs=0 uncles=0 elapsed=616.656µs
INFO [06-29|20:57:29] Seal:53 
INFO [06-29|20:57:29] delay:996.753675ms 
INFO [06-29|20:57:30] Successfully sealed new block            number=53 hash=bc434d…d71986
INFO [06-29|20:57:30] 🔗 block reached canonical chain          number=48 hash=13f5f8…20bf76
INFO [06-29|20:57:30] 🔨 mined potential block                  number=53 hash=bc434d…d71986
INFO [06-29|20:57:30] Prepare:54 
INFO [06-29|20:57:30] Finalize:54 
INFO [06-29|20:57:30] accumulateInterestRewards 625            reward=450078124999999999999
INFO [06-29|20:57:30] Commit new mining work                   number=54 txs=0 uncles=0 elapsed=471.134µs
INFO [06-29|20:57:30] Seal:54 
INFO [06-29|20:57:30] delay:995.345264ms 
INFO [06-29|20:57:31] Successfully sealed new block            number=54 hash=1ce64e…58b896
INFO [06-29|20:57:31] 🔗 block reached canonical chain          number=49 hash=52f30f…a67152
INFO [06-29|20:57:31] Prepare:55 
INFO [06-29|20:57:31] Finalize:55 
INFO [06-29|20:57:31] accumulateInterestRewards 625            reward=450078124999999999999
INFO [06-29|20:57:31] 🔨 mined potential block                  number=54 hash=1ce64e…58b896
INFO [06-29|20:57:31] Commit new mining work                   number=55 txs=0 uncles=0 elapsed=632.692µs
INFO [06-29|20:57:31] Seal:55 
INFO [06-29|20:57:31] delay:996.85167ms 
INFO [06-29|20:57:32] Successfully sealed new block            number=55 hash=6da204…6c30f9
INFO [06-29|20:57:32] 🔗 block reached canonical chain          number=50 hash=c0a6ee…7c4946
INFO [06-29|20:57:32] 🔨 mined potential block                  number=55 hash=6da204…6c30f9
INFO [06-29|20:57:32] Prepare:56 
INFO [06-29|20:57:32] Finalize:56 
INFO [06-29|20:57:32] accumulateInterestRewards 625            reward=450078124999999999999
INFO [06-29|20:57:32] Commit new mining work                   number=56 txs=0 uncles=0 elapsed=517.921µs
INFO [06-29|20:57:32] Seal:56 
INFO [06-29|20:57:32] delay:997.068968ms 
INFO [06-29|20:57:33] Successfully sealed new block            number=56 hash=0b91f2…85643b
INFO [06-29|20:57:33] 🔗 block reached canonical chain          number=51 hash=740373…cfcf14
INFO [06-29|20:57:33] 🔨 mined potential block                  number=56 hash=0b91f2…85643b
INFO [06-29|20:57:33] Prepare:57 
INFO [06-29|20:57:33] Finalize:57 
INFO [06-29|20:57:33] accumulateInterestRewards 625            reward=450078124999999999999
INFO [06-29|20:57:33] Commit new mining work                   number=57 txs=0 uncles=0 elapsed=587.782µs
INFO [06-29|20:57:33] Seal:57 
INFO [06-29|20:57:33] delay:993.849316ms 
INFO [06-29|20:57:34] Successfully sealed new block            number=57 hash=1944df…b24e0b
INFO [06-29|20:57:34] 🔗 block reached canonical chain          number=52 hash=f2d153…ecb0fb
INFO [06-29|20:57:34] 🔨 mined potential block                  number=57 hash=1944df…b24e0b
INFO [06-29|20:57:34] Prepare:58 
INFO [06-29|20:57:34] Finalize:58 
INFO [06-29|20:57:34] accumulateInterestRewards 625            reward=450078124999999999999
INFO [06-29|20:57:34] Commit new mining work                   number=58 txs=0 uncles=0 elapsed=521.673µs
INFO [06-29|20:57:34] Seal:58 
INFO [06-29|20:57:34] delay:997.045433ms 
INFO [06-29|20:57:35] Successfully sealed new block            number=58 hash=9a4faf…90aedb
INFO [06-29|20:57:35] 🔗 block reached canonical chain          number=53 hash=bc434d…d71986
INFO [06-29|20:57:35] 🔨 mined potential block                  number=58 hash=9a4faf…90aedb
INFO [06-29|20:57:35] Prepare:59 
INFO [06-29|20:57:35] Finalize:59 
INFO [06-29|20:57:35] accumulateInterestRewards 625            reward=450078124999999999999
INFO [06-29|20:57:35] Commit new mining work                   number=59 txs=0 uncles=0 elapsed=647.964µs
INFO [06-29|20:57:35] Seal:59 
INFO [06-29|20:57:35] delay:996.830922ms 
INFO [06-29|20:57:36] Successfully sealed new block            number=59 hash=1a7882…3f06fa
INFO [06-29|20:57:36] 🔗 block reached canonical chain          number=54 hash=1ce64e…58b896
INFO [06-29|20:57:36] 🔨 mined potential block                  number=59 hash=1a7882…3f06fa
INFO [06-29|20:57:36] Prepare:60 
INFO [06-29|20:57:36] Finalize:60 
INFO [06-29|20:57:36] accumulateInterestRewards 625            reward=450078124999999999999
INFO [06-29|20:57:36] Commit new mining work                   number=60 txs=0 uncles=0 elapsed=407.651µs
INFO [06-29|20:57:36] Seal:60 
INFO [06-29|20:57:36] delay:1.997349119s 
INFO [06-29|20:57:38] Successfully sealed new block            number=60 hash=922cec…af00a2
INFO [06-29|20:57:38] 🔗 block reached canonical chain          number=55 hash=6da204…6c30f9
INFO [06-29|20:57:38] 🔨 mined potential block                  number=60 hash=922cec…af00a2
INFO [06-29|20:57:38] Prepare:61 
INFO [06-29|20:57:38] Finalize:61 
INFO [06-29|20:57:38] accumulateInterestRewards 625            reward=450078124999999999999
INFO [06-29|20:57:38] Commit new mining work                   number=61 txs=0 uncles=0 elapsed=491.819µs
INFO [06-29|20:57:38] Seal:61 
INFO [06-29|20:57:38] delay:1.997121809s 
INFO [06-29|20:57:40] Successfully sealed new block            number=61 hash=9a72d6…b38e1b
INFO [06-29|20:57:40] 🔗 block reached canonical chain          number=56 hash=0b91f2…85643b
INFO [06-29|20:57:40] 🔨 mined potential block                  number=61 hash=9a72d6…b38e1b
INFO [06-29|20:57:40] Prepare:62 
INFO [06-29|20:57:40] Finalize:62 
INFO [06-29|20:57:40] accumulateInterestRewards 625            reward=450078124999999999999
INFO [06-29|20:57:40] Commit new mining work                   number=62 txs=0 uncles=0 elapsed=527.378µs
INFO [06-29|20:57:40] Seal:62 
INFO [06-29|20:57:40] delay:1.994070941s 
INFO [06-29|20:57:42] Successfully sealed new block            number=62 hash=97b37f…8c5c80
INFO [06-29|20:57:42] 🔗 block reached canonical chain          number=57 hash=1944df…b24e0b
INFO [06-29|20:57:42] 🔨 mined potential block                  number=62 hash=97b37f…8c5c80
INFO [06-29|20:57:42] Prepare:63 
INFO [06-29|20:57:42] Finalize:63 
INFO [06-29|20:57:42] accumulateInterestRewards 625            reward=450078124999999999999
INFO [06-29|20:57:42] Commit new mining work                   number=63 txs=0 uncles=0 elapsed=873.087µs
INFO [06-29|20:57:42] Seal:63 
INFO [06-29|20:57:42] delay:1.993223851s 
INFO [06-29|20:57:44] Successfully sealed new block            number=63 hash=bc54aa…db1e23
INFO [06-29|20:57:44] 🔗 block reached canonical chain          number=58 hash=9a4faf…90aedb
INFO [06-29|20:57:44] 🔨 mined potential block                  number=63 hash=bc54aa…db1e23
INFO [06-29|20:57:44] Prepare:64 
INFO [06-29|20:57:44] Finalize:64 
INFO [06-29|20:57:44] accumulateInterestRewards 625            reward=450078124999999999999
INFO [06-29|20:57:44] Commit new mining work                   number=64 txs=0 uncles=0 elapsed=403.056µs
INFO [06-29|20:57:44] Seal:64 
INFO [06-29|20:57:44] delay:1.998392906s 
INFO [06-29|20:57:46] Successfully sealed new block            number=64 hash=177180…b90477
INFO [06-29|20:57:46] Prepare:65 
INFO [06-29|20:57:46] Finalize:65 
INFO [06-29|20:57:46] accumulateInterestRewards 625            reward=450078124999999999999
INFO [06-29|20:57:46] Commit new mining work                   number=65 txs=0 uncles=0 elapsed=615.732µs
INFO [06-29|20:57:46] 🔗 block reached canonical chain          number=59 hash=1a7882…3f06fa
INFO [06-29|20:57:46] 🔨 mined potential block                  number=64 hash=177180…b90477
INFO [06-29|20:57:46] Seal:65 
INFO [06-29|20:57:46] delay:1.997560048s 
INFO [06-29|20:57:48] Successfully sealed new block            number=65 hash=436e94…31692e
INFO [06-29|20:57:48] 🔗 block reached canonical chain          number=60 hash=922cec…af00a2
INFO [06-29|20:57:48] 🔨 mined potential block                  number=65 hash=436e94…31692e
INFO [06-29|20:57:48] Prepare:66 
INFO [06-29|20:57:48] Finalize:66 
INFO [06-29|20:57:48] accumulateInterestRewards 625            reward=450078124999999999999
INFO [06-29|20:57:48] Commit new mining work                   number=66 txs=0 uncles=0 elapsed=416.909µs
INFO [06-29|20:57:48] Seal:66 
INFO [06-29|20:57:48] delay:1.998301019s 
INFO [06-29|20:57:50] Successfully sealed new block            number=66 hash=407379…fa7fe7
INFO [06-29|20:57:50] 🔗 block reached canonical chain          number=61 hash=9a72d6…b38e1b
INFO [06-29|20:57:50] 🔨 mined potential block                  number=66 hash=407379…fa7fe7
INFO [06-29|20:57:50] Prepare:67 
INFO [06-29|20:57:50] Finalize:67 
INFO [06-29|20:57:50] accumulateInterestRewards 625            reward=450078124999999999999
INFO [06-29|20:57:50] Commit new mining work                   number=67 txs=0 uncles=0 elapsed=535.768µs
INFO [06-29|20:57:50] Seal:67 
INFO [06-29|20:57:50] delay:1.995570595s 
INFO [06-29|20:57:52] Successfully sealed new block            number=67 hash=b12e90…73e1ca
INFO [06-29|20:57:52] 🔗 block reached canonical chain          number=62 hash=97b37f…8c5c80
INFO [06-29|20:57:52] 🔨 mined potential block                  number=67 hash=b12e90…73e1ca
INFO [06-29|20:57:52] Prepare:68 
INFO [06-29|20:57:52] Finalize:68 
INFO [06-29|20:57:52] accumulateInterestRewards 625            reward=450078124999999999999
INFO [06-29|20:57:52] Commit new mining work                   number=68 txs=0 uncles=0 elapsed=434.906µs
INFO [06-29|20:57:52] Seal:68 
INFO [06-29|20:57:52] delay:1.998311912s 
INFO [06-29|20:57:54] Successfully sealed new block            number=68 hash=be64ef…a245b5
INFO [06-29|20:57:54] 🔗 block reached canonical chain          number=63 hash=bc54aa…db1e23
INFO [06-29|20:57:54] 🔨 mined potential block                  number=68 hash=be64ef…a245b5
INFO [06-29|20:57:54] Prepare:69 
INFO [06-29|20:57:54] Finalize:69 
INFO [06-29|20:57:54] accumulateInterestRewards 625            reward=450078124999999999999
INFO [06-29|20:57:54] Commit new mining work                   number=69 txs=0 uncles=0 elapsed=523.153µs
INFO [06-29|20:57:54] Seal:69 
INFO [06-29|20:57:54] delay:1.99420952s 
INFO [06-29|20:57:56] Successfully sealed new block            number=69 hash=dc893c…b52b3b
INFO [06-29|20:57:56] 🔗 block reached canonical chain          number=64 hash=177180…b90477
INFO [06-29|20:57:56] 🔨 mined potential block                  number=69 hash=dc893c…b52b3b
INFO [06-29|20:57:56] Prepare:70 
INFO [06-29|20:57:56] Finalize:70 
INFO [06-29|20:57:56] accumulateInterestRewards 625            reward=450078124999999999999
INFO [06-29|20:57:56] Commit new mining work                   number=70 txs=0 uncles=0 elapsed=424.064µs
INFO [06-29|20:57:56] Seal:70 
INFO [06-29|20:57:56] delay:998.421531ms 
