INFO [06-29|20:56:05] Maximum peer count                       ETH=25 LES=0 total=25
INFO [06-29|20:56:05] Starting peer-to-peer node               instance=Geth/v1.8.3-stable-bde954fd/linux-amd64/go1.9.2
INFO [06-29|20:56:05] Allocated cache and file handles         database=/root/gopath/src/github.com/GenaroNetwork/Genaro-Core/automatedScript/chainNode/chainNode2/geth/chaindata cache=768 handles=1024
WARN [06-29|20:56:05] Upgrading database to use lookup entries 
INFO [06-29|20:56:05] before genesis@genesis.go:176 
INFO [06-29|20:56:05] genesis is nil@genesis.go:178 
INFO [06-29|20:56:05] Initialised chain configuration          config="{ChainID: 300 Homestead: 1 DAO: <nil> DAOSupport: false EIP150: 2 EIP155: 3 EIP158: 3 Byzantium: 4 Constantinople: <nil> Engine: genaro}"
INFO [06-29|20:56:05] Initialising Ethereum protocol           versions="[63 62]" network=1
INFO [06-29|20:56:05] Loaded most recent local header          number=0 hash=0412d7…05a311 td=1
INFO [06-29|20:56:05] Loaded most recent local full block      number=0 hash=0412d7…05a311 td=1
INFO [06-29|20:56:05] Loaded most recent local fast block      number=0 hash=0412d7…05a311 td=1
INFO [06-29|20:56:05] Regenerated local transaction journal    transactions=0 accounts=0
INFO [06-29|20:56:05] Prepare:1 
INFO [06-29|20:56:05] Finalize:1 
INFO [06-29|20:56:05] test 
INFO [06-29|20:56:05] accumulateInterestRewards 625            reward=0
INFO [06-29|20:56:05] Starting P2P networking 
INFO [06-29|20:56:05] Database deduplication successful        deduped=0
INFO [06-29|20:56:07] UDP listener up                          self=enode://0724d98c216bdd28586143f803d7f97a2233358fef0188961b1ab12d27eea5f576330baec85b2378567e18aaa3197cf1c63c9785c87e514cb608ff013c345f33@[::]:30316
INFO [06-29|20:56:07] RLPx listener up                         self=enode://0724d98c216bdd28586143f803d7f97a2233358fef0188961b1ab12d27eea5f576330baec85b2378567e18aaa3197cf1c63c9785c87e514cb608ff013c345f33@[::]:30316
INFO [06-29|20:56:07] IPC endpoint opened                      url=/root/gopath/src/github.com/GenaroNetwork/Genaro-Core/automatedScript/chainNode/chainNode2/geth.ipc
INFO [06-29|20:56:07] HTTP endpoint opened                     url=http://0.0.0.0:8556                                                                                 cors=* vhosts=*
INFO [06-29|20:56:10] Unlocked account                         address=0xE25de09FB1AFd3cAcFAd2e91cf5D5F2862597667
INFO [06-29|20:56:10] Transaction pool price threshold updated price=18000000000
INFO [06-29|20:56:10] Etherbase automatically configured       address=0xE25de09FB1AFd3cAcFAd2e91cf5D5F2862597667
INFO [06-29|20:56:10] Authorize 
INFO [06-29|20:56:10] Starting mining operation 
INFO [06-29|20:56:10] Prepare:1 
INFO [06-29|20:56:10] Finalize:1 
INFO [06-29|20:56:10] test 
INFO [06-29|20:56:10] accumulateInterestRewards 625            reward=461289062499999999999
INFO [06-29|20:56:10] Commit new mining work                   number=1 txs=0 uncles=0 elapsed=6.284ms
INFO [06-29|20:56:10] Seal:1 
INFO [06-29|20:56:10] delay:-309.668243ms 
INFO [06-29|20:56:10] Successfully sealed new block            number=1 hash=9ff1c4…95ad9d
INFO [06-29|20:56:10] 🔨 mined potential block                  number=1 hash=9ff1c4…95ad9d
INFO [06-29|20:56:10] Prepare:2 
INFO [06-29|20:56:10] Finalize:2 
INFO [06-29|20:56:10] accumulateInterestRewards 625            reward=461289062499999999999
INFO [06-29|20:56:10] Commit new mining work                   number=2 txs=0 uncles=0 elapsed=532.494µs
INFO [06-29|20:56:10] Seal:2 
INFO [06-29|20:56:10] delay:688.924853ms 
INFO [06-29|20:56:11] Successfully sealed new block            number=2 hash=3c2c1c…9ac205
INFO [06-29|20:56:11] 🔨 mined potential block                  number=2 hash=3c2c1c…9ac205
INFO [06-29|20:56:11] Prepare:3 
INFO [06-29|20:56:11] Finalize:3 
INFO [06-29|20:56:11] accumulateInterestRewards 625            reward=461289062499999999999
INFO [06-29|20:56:11] Commit new mining work                   number=3 txs=0 uncles=0 elapsed=421.232µs
INFO [06-29|20:56:11] Seal:3 
INFO [06-29|20:56:11] delay:998.312085ms 
INFO [06-29|20:56:12] Successfully sealed new block            number=3 hash=83c7bc…d79921
INFO [06-29|20:56:12] 🔨 mined potential block                  number=3 hash=83c7bc…d79921
INFO [06-29|20:56:12] Prepare:4 
INFO [06-29|20:56:12] Finalize:4 
INFO [06-29|20:56:12] accumulateInterestRewards 625            reward=461289062499999999999
INFO [06-29|20:56:12] Commit new mining work                   number=4 txs=0 uncles=0 elapsed=517.486µs
INFO [06-29|20:56:12] Seal:4 
INFO [06-29|20:56:12] delay:996.541809ms 
INFO [06-29|20:56:13] Successfully sealed new block            number=4 hash=36f050…f336a8
INFO [06-29|20:56:13] 🔨 mined potential block                  number=4 hash=36f050…f336a8
INFO [06-29|20:56:13] Prepare:5 
INFO [06-29|20:56:13] Finalize:5 
INFO [06-29|20:56:13] accumulateInterestRewards 625            reward=461289062499999999999
INFO [06-29|20:56:13] Commit new mining work                   number=5 txs=0 uncles=0 elapsed=622.437µs
INFO [06-29|20:56:13] Seal:5 
INFO [06-29|20:56:13] delay:997.947959ms 
INFO [06-29|20:56:14] Successfully sealed new block            number=5 hash=7553fb…641373
INFO [06-29|20:56:14] 🔨 mined potential block                  number=5 hash=7553fb…641373
INFO [06-29|20:56:14] Prepare:6 
INFO [06-29|20:56:14] Finalize:6 
INFO [06-29|20:56:14] accumulateInterestRewards 625            reward=461289062499999999999
INFO [06-29|20:56:14] Commit new mining work                   number=6 txs=0 uncles=0 elapsed=566.681µs
INFO [06-29|20:56:14] Seal:6 
INFO [06-29|20:56:14] delay:994.1866ms 
INFO [06-29|20:56:15] Successfully sealed new block            number=6 hash=0d304f…b7b827
INFO [06-29|20:56:15] 🔗 block reached canonical chain          number=1 hash=9ff1c4…95ad9d
INFO [06-29|20:56:15] 🔨 mined potential block                  number=6 hash=0d304f…b7b827
INFO [06-29|20:56:15] Prepare:7 
INFO [06-29|20:56:15] Finalize:7 
INFO [06-29|20:56:15] accumulateInterestRewards 625            reward=461289062499999999999
INFO [06-29|20:56:15] Commit new mining work                   number=7 txs=0 uncles=0 elapsed=637.314µs
INFO [06-29|20:56:15] Seal:7 
INFO [06-29|20:56:15] delay:997.905831ms 
INFO [06-29|20:56:16] Successfully sealed new block            number=7 hash=027606…9c8f34
INFO [06-29|20:56:16] 🔗 block reached canonical chain          number=2 hash=3c2c1c…9ac205
INFO [06-29|20:56:16] 🔨 mined potential block                  number=7 hash=027606…9c8f34
INFO [06-29|20:56:16] Prepare:8 
INFO [06-29|20:56:16] Finalize:8 
INFO [06-29|20:56:16] accumulateInterestRewards 625            reward=461289062499999999999
INFO [06-29|20:56:16] Commit new mining work                   number=8 txs=0 uncles=0 elapsed=466.426µs
INFO [06-29|20:56:16] Seal:8 
INFO [06-29|20:56:16] delay:996.746668ms 
INFO [06-29|20:56:17] Successfully sealed new block            number=8 hash=7d245b…ce4917
INFO [06-29|20:56:17] Prepare:9 
INFO [06-29|20:56:17] Finalize:9 
INFO [06-29|20:56:17] accumulateInterestRewards 625            reward=461289062499999999999
INFO [06-29|20:56:17] Commit new mining work                   number=9 txs=0 uncles=0 elapsed=598.162µs
INFO [06-29|20:56:17] 🔗 block reached canonical chain          number=3 hash=83c7bc…d79921
INFO [06-29|20:56:17] 🔨 mined potential block                  number=8 hash=7d245b…ce4917
INFO [06-29|20:56:17] Seal:9 
INFO [06-29|20:56:17] delay:995.705407ms 
INFO [06-29|20:56:18] Successfully sealed new block            number=9 hash=2a00b8…022180
INFO [06-29|20:56:18] 🔗 block reached canonical chain          number=4 hash=36f050…f336a8
INFO [06-29|20:56:18] 🔨 mined potential block                  number=9 hash=2a00b8…022180
INFO [06-29|20:56:18] Prepare:10 
INFO [06-29|20:56:18] Finalize:10 
INFO [06-29|20:56:18] accumulateInterestRewards 625            reward=461289062499999999999
INFO [06-29|20:56:18] Commit new mining work                   number=10 txs=0 uncles=0 elapsed=365.328µs
INFO [06-29|20:56:18] Seal:10 
INFO [06-29|20:56:18] delay:1.997532912s 
INFO [06-29|20:56:20] Successfully sealed new block            number=10 hash=0019c9…a1642d
INFO [06-29|20:56:20] 🔗 block reached canonical chain          number=5  hash=7553fb…641373
INFO [06-29|20:56:20] 🔨 mined potential block                  number=10 hash=0019c9…a1642d
INFO [06-29|20:56:20] Prepare:11 
INFO [06-29|20:56:20] Finalize:11 
INFO [06-29|20:56:20] accumulateInterestRewards 625            reward=461289062499999999999
INFO [06-29|20:56:20] Commit new mining work                   number=11 txs=0 uncles=0 elapsed=491.123µs
INFO [06-29|20:56:20] Seal:11 
INFO [06-29|20:56:20] delay:1.997386501s 
INFO [06-29|20:56:22] Successfully sealed new block            number=11 hash=a5454c…55ee66
INFO [06-29|20:56:22] 🔗 block reached canonical chain          number=6  hash=0d304f…b7b827
INFO [06-29|20:56:22] 🔨 mined potential block                  number=11 hash=a5454c…55ee66
INFO [06-29|20:56:22] Prepare:12 
INFO [06-29|20:56:22] Finalize:12 
INFO [06-29|20:56:22] accumulateInterestRewards 625            reward=461289062499999999999
INFO [06-29|20:56:22] Commit new mining work                   number=12 txs=0 uncles=0 elapsed=369.441µs
INFO [06-29|20:56:22] Seal:12 
INFO [06-29|20:56:22] delay:1.997530763s 
INFO [06-29|20:56:24] Successfully sealed new block            number=12 hash=40295b…4fd2c8
INFO [06-29|20:56:24] 🔗 block reached canonical chain          number=7  hash=027606…9c8f34
INFO [06-29|20:56:24] 🔨 mined potential block                  number=12 hash=40295b…4fd2c8
INFO [06-29|20:56:24] Prepare:13 
INFO [06-29|20:56:24] Finalize:13 
INFO [06-29|20:56:24] accumulateInterestRewards 625            reward=461289062499999999999
INFO [06-29|20:56:24] Commit new mining work                   number=13 txs=0 uncles=0 elapsed=357.344µs
INFO [06-29|20:56:24] Seal:13 
INFO [06-29|20:56:24] delay:1.997644689s 
INFO [06-29|20:56:26] Successfully sealed new block            number=13 hash=bfaff2…e4f7b3
INFO [06-29|20:56:26] 🔗 block reached canonical chain          number=8  hash=7d245b…ce4917
INFO [06-29|20:56:26] 🔨 mined potential block                  number=13 hash=bfaff2…e4f7b3
INFO [06-29|20:56:26] Prepare:14 
INFO [06-29|20:56:26] Finalize:14 
INFO [06-29|20:56:26] accumulateInterestRewards 625            reward=461289062499999999999
INFO [06-29|20:56:26] Commit new mining work                   number=14 txs=0 uncles=0 elapsed=359.116µs
INFO [06-29|20:56:26] Seal:14 
INFO [06-29|20:56:26] delay:1.995574011s 
INFO [06-29|20:56:28] Successfully sealed new block            number=14 hash=cb3be6…b8f952
INFO [06-29|20:56:28] 🔗 block reached canonical chain          number=9  hash=2a00b8…022180
INFO [06-29|20:56:28] 🔨 mined potential block                  number=14 hash=cb3be6…b8f952
INFO [06-29|20:56:28] Prepare:15 
INFO [06-29|20:56:28] Finalize:15 
INFO [06-29|20:56:28] accumulateInterestRewards 625            reward=461289062499999999999
INFO [06-29|20:56:28] Commit new mining work                   number=15 txs=0 uncles=0 elapsed=402.722µs
INFO [06-29|20:56:28] Seal:15 
INFO [06-29|20:56:28] delay:1.994803037s 
INFO [06-29|20:56:30] Successfully sealed new block            number=15 hash=efcd6d…857b94
INFO [06-29|20:56:30] 🔗 block reached canonical chain          number=10 hash=0019c9…a1642d
INFO [06-29|20:56:30] 🔨 mined potential block                  number=15 hash=efcd6d…857b94
INFO [06-29|20:56:30] Prepare:16 
INFO [06-29|20:56:30] Finalize:16 
INFO [06-29|20:56:30] accumulateInterestRewards 625            reward=461289062499999999999
INFO [06-29|20:56:30] Commit new mining work                   number=16 txs=0 uncles=0 elapsed=340.854µs
INFO [06-29|20:56:30] Seal:16 
INFO [06-29|20:56:30] delay:1.995578877s 
INFO [06-29|20:56:32] Successfully sealed new block            number=16 hash=cde8aa…a2a3c0
INFO [06-29|20:56:32] 🔗 block reached canonical chain          number=11 hash=a5454c…55ee66
INFO [06-29|20:56:32] 🔨 mined potential block                  number=16 hash=cde8aa…a2a3c0
INFO [06-29|20:56:32] Prepare:17 
INFO [06-29|20:56:32] Finalize:17 
INFO [06-29|20:56:32] accumulateInterestRewards 625            reward=461289062499999999999
INFO [06-29|20:56:32] Commit new mining work                   number=17 txs=0 uncles=0 elapsed=927.156µs
INFO [06-29|20:56:32] Seal:17 
INFO [06-29|20:56:32] delay:1.993691378s 
INFO [06-29|20:56:34] Successfully sealed new block            number=17 hash=b7e3a0…38cef6
INFO [06-29|20:56:34] 🔗 block reached canonical chain          number=12 hash=40295b…4fd2c8
INFO [06-29|20:56:34] 🔨 mined potential block                  number=17 hash=b7e3a0…38cef6
INFO [06-29|20:56:34] Prepare:18 
INFO [06-29|20:56:34] Finalize:18 
INFO [06-29|20:56:34] accumulateInterestRewards 625            reward=461289062499999999999
INFO [06-29|20:56:34] Commit new mining work                   number=18 txs=0 uncles=0 elapsed=368.316µs
INFO [06-29|20:56:34] Seal:18 
INFO [06-29|20:56:34] delay:1.996130372s 
INFO [06-29|20:56:36] Successfully sealed new block            number=18 hash=205d83…e3e39a
INFO [06-29|20:56:36] 🔗 block reached canonical chain          number=13 hash=bfaff2…e4f7b3
INFO [06-29|20:56:36] 🔨 mined potential block                  number=18 hash=205d83…e3e39a
INFO [06-29|20:56:36] Prepare:19 
INFO [06-29|20:56:36] Finalize:19 
INFO [06-29|20:56:36] accumulateInterestRewards 625            reward=461289062499999999999
INFO [06-29|20:56:36] Commit new mining work                   number=19 txs=0 uncles=0 elapsed=371.335µs
INFO [06-29|20:56:36] Seal:19 
INFO [06-29|20:56:36] delay:1.995020748s 
INFO [06-29|20:56:38] Successfully sealed new block            number=19 hash=7cce6e…6f13bb
INFO [06-29|20:56:38] 🔗 block reached canonical chain          number=14 hash=cb3be6…b8f952
INFO [06-29|20:56:38] 🔨 mined potential block                  number=19 hash=7cce6e…6f13bb
INFO [06-29|20:56:38] Prepare:20 
INFO [06-29|20:56:38] Finalize:20 
INFO [06-29|20:56:38] accumulateInterestRewards 625            reward=461289062499999999999
INFO [06-29|20:56:38] Commit new mining work                   number=20 txs=0 uncles=0 elapsed=408.584µs
INFO [06-29|20:56:38] Seal:20 
INFO [06-29|20:56:38] delay:996.868722ms 
INFO [06-29|20:56:39] Successfully sealed new block            number=20 hash=66e455…fbe9b5
INFO [06-29|20:56:39] 🔗 block reached canonical chain          number=15 hash=efcd6d…857b94
INFO [06-29|20:56:39] 🔨 mined potential block                  number=20 hash=66e455…fbe9b5
INFO [06-29|20:56:39] Prepare:21 
INFO [06-29|20:56:39] Finalize:21 
INFO [06-29|20:56:39] accumulateInterestRewards 625            reward=461289062499999999999
INFO [06-29|20:56:39] Commit new mining work                   number=21 txs=0 uncles=0 elapsed=565.293µs
INFO [06-29|20:56:39] Seal:21 
INFO [06-29|20:56:39] delay:997.107884ms 
INFO [06-29|20:56:40] Successfully sealed new block            number=21 hash=ce00ea…e61899
INFO [06-29|20:56:40] 🔗 block reached canonical chain          number=16 hash=cde8aa…a2a3c0
INFO [06-29|20:56:40] 🔨 mined potential block                  number=21 hash=ce00ea…e61899
INFO [06-29|20:56:40] Prepare:22 
INFO [06-29|20:56:40] Finalize:22 
INFO [06-29|20:56:40] accumulateInterestRewards 625            reward=461289062499999999999
INFO [06-29|20:56:40] Commit new mining work                   number=22 txs=0 uncles=0 elapsed=6.108ms
INFO [06-29|20:56:40] Seal:22 
INFO [06-29|20:56:40] delay:991.519211ms 
INFO [06-29|20:56:41] Successfully sealed new block            number=22 hash=c7bc55…e3be15
INFO [06-29|20:56:41] 🔗 block reached canonical chain          number=17 hash=b7e3a0…38cef6
INFO [06-29|20:56:41] 🔨 mined potential block                  number=22 hash=c7bc55…e3be15
INFO [06-29|20:56:41] Prepare:23 
INFO [06-29|20:56:41] Finalize:23 
INFO [06-29|20:56:41] accumulateInterestRewards 625            reward=461289062499999999999
INFO [06-29|20:56:41] Commit new mining work                   number=23 txs=0 uncles=0 elapsed=420.808µs
INFO [06-29|20:56:41] Seal:23 
INFO [06-29|20:56:41] delay:997.285026ms 
INFO [06-29|20:56:42] Successfully sealed new block            number=23 hash=941990…e1f396
INFO [06-29|20:56:42] 🔗 block reached canonical chain          number=18 hash=205d83…e3e39a
INFO [06-29|20:56:42] 🔨 mined potential block                  number=23 hash=941990…e1f396
INFO [06-29|20:56:42] Prepare:24 
INFO [06-29|20:56:42] Finalize:24 
INFO [06-29|20:56:42] accumulateInterestRewards 625            reward=461289062499999999999
INFO [06-29|20:56:42] Commit new mining work                   number=24 txs=0 uncles=0 elapsed=351.573µs
INFO [06-29|20:56:42] Seal:24 
INFO [06-29|20:56:42] delay:995.932972ms 
INFO [06-29|20:56:43] Successfully sealed new block            number=24 hash=b43da0…84e4a1
INFO [06-29|20:56:43] 🔗 block reached canonical chain          number=19 hash=7cce6e…6f13bb
INFO [06-29|20:56:43] 🔨 mined potential block                  number=24 hash=b43da0…84e4a1
INFO [06-29|20:56:43] Prepare:25 
INFO [06-29|20:56:43] Finalize:25 
INFO [06-29|20:56:43] accumulateInterestRewards 625            reward=461289062499999999999
INFO [06-29|20:56:43] Commit new mining work                   number=25 txs=0 uncles=0 elapsed=379.33µs
INFO [06-29|20:56:43] Seal:25 
INFO [06-29|20:56:43] delay:994.675303ms 
INFO [06-29|20:56:44] Successfully sealed new block            number=25 hash=173c1f…0588d9
INFO [06-29|20:56:44] 🔗 block reached canonical chain          number=20 hash=66e455…fbe9b5
INFO [06-29|20:56:44] 🔨 mined potential block                  number=25 hash=173c1f…0588d9
INFO [06-29|20:56:44] Prepare:26 
INFO [06-29|20:56:44] Finalize:26 
INFO [06-29|20:56:44] accumulateInterestRewards 625            reward=461289062499999999999
INFO [06-29|20:56:44] Commit new mining work                   number=26 txs=0 uncles=0 elapsed=381.993µs
INFO [06-29|20:56:44] Seal:26 
INFO [06-29|20:56:44] delay:997.465843ms 
INFO [06-29|20:56:45] Successfully sealed new block            number=26 hash=347a55…c1ebcf
INFO [06-29|20:56:45] 🔗 block reached canonical chain          number=21 hash=ce00ea…e61899
INFO [06-29|20:56:45] 🔨 mined potential block                  number=26 hash=347a55…c1ebcf
INFO [06-29|20:56:45] Prepare:27 
INFO [06-29|20:56:45] Finalize:27 
INFO [06-29|20:56:45] accumulateInterestRewards 625            reward=461289062499999999999
INFO [06-29|20:56:45] Commit new mining work                   number=27 txs=0 uncles=0 elapsed=574.568µs
INFO [06-29|20:56:45] Seal:27 
INFO [06-29|20:56:45] delay:994.769302ms 
INFO [06-29|20:56:46] Successfully sealed new block            number=27 hash=2988e2…1d558c
INFO [06-29|20:56:46] 🔗 block reached canonical chain          number=22 hash=c7bc55…e3be15
INFO [06-29|20:56:46] Prepare:28 
INFO [06-29|20:56:46] Finalize:28 
INFO [06-29|20:56:46] accumulateInterestRewards 625            reward=461289062499999999999
INFO [06-29|20:56:46] 🔨 mined potential block                  number=27 hash=2988e2…1d558c
INFO [06-29|20:56:46] Commit new mining work                   number=28 txs=0 uncles=0 elapsed=486.388µs
INFO [06-29|20:56:46] Seal:28 
INFO [06-29|20:56:46] delay:995.555351ms 
INFO [06-29|20:56:47] Successfully sealed new block            number=28 hash=6d9921…b4114b
INFO [06-29|20:56:47] 🔗 block reached canonical chain          number=23 hash=941990…e1f396
INFO [06-29|20:56:47] 🔨 mined potential block                  number=28 hash=6d9921…b4114b
INFO [06-29|20:56:47] Prepare:29 
INFO [06-29|20:56:47] Finalize:29 
INFO [06-29|20:56:47] accumulateInterestRewards 625            reward=461289062499999999999
INFO [06-29|20:56:47] Commit new mining work                   number=29 txs=0 uncles=0 elapsed=625.548µs
INFO [06-29|20:56:47] Seal:29 
INFO [06-29|20:56:47] delay:996.774647ms 
INFO [06-29|20:56:48] Successfully sealed new block            number=29 hash=2779b9…c71fc0
INFO [06-29|20:56:48] 🔗 block reached canonical chain          number=24 hash=b43da0…84e4a1
INFO [06-29|20:56:48] 🔨 mined potential block                  number=29 hash=2779b9…c71fc0
INFO [06-29|20:56:48] Prepare:30 
INFO [06-29|20:56:48] Finalize:30 
INFO [06-29|20:56:48] accumulateInterestRewards 625            reward=461289062499999999999
INFO [06-29|20:56:48] Commit new mining work                   number=30 txs=0 uncles=0 elapsed=398.558µs
INFO [06-29|20:56:48] Seal:30 
INFO [06-29|20:56:48] delay:1.996926433s 
INFO [06-29|20:56:50] Successfully sealed new block            number=30 hash=d8139e…70c31d
INFO [06-29|20:56:50] 🔗 block reached canonical chain          number=25 hash=173c1f…0588d9
INFO [06-29|20:56:50] 🔨 mined potential block                  number=30 hash=d8139e…70c31d
INFO [06-29|20:56:50] Prepare:31 
INFO [06-29|20:56:50] Finalize:31 
INFO [06-29|20:56:50] accumulateInterestRewards 625            reward=461289062499999999999
INFO [06-29|20:56:50] Commit new mining work                   number=31 txs=0 uncles=0 elapsed=1.297ms
INFO [06-29|20:56:50] Seal:31 
INFO [06-29|20:56:50] delay:1.994437879s 
INFO [06-29|20:56:52] Successfully sealed new block            number=31 hash=8bbb4c…d1215a
INFO [06-29|20:56:52] 🔗 block reached canonical chain          number=26 hash=347a55…c1ebcf
INFO [06-29|20:56:52] 🔨 mined potential block                  number=31 hash=8bbb4c…d1215a
INFO [06-29|20:56:52] Prepare:32 
INFO [06-29|20:56:52] Finalize:32 
INFO [06-29|20:56:52] accumulateInterestRewards 625            reward=461289062499999999999
INFO [06-29|20:56:52] Commit new mining work                   number=32 txs=0 uncles=0 elapsed=356.91µs
INFO [06-29|20:56:52] Seal:32 
INFO [06-29|20:56:52] delay:1.997545261s 
INFO [06-29|20:56:54] Successfully sealed new block            number=32 hash=e404c8…ba74d6
INFO [06-29|20:56:54] 🔗 block reached canonical chain          number=27 hash=2988e2…1d558c
INFO [06-29|20:56:54] 🔨 mined potential block                  number=32 hash=e404c8…ba74d6
INFO [06-29|20:56:54] Prepare:33 
INFO [06-29|20:56:54] Finalize:33 
INFO [06-29|20:56:54] accumulateInterestRewards 625            reward=461289062499999999999
INFO [06-29|20:56:54] Commit new mining work                   number=33 txs=0 uncles=0 elapsed=1.009ms
INFO [06-29|20:56:54] Seal:33 
INFO [06-29|20:56:54] delay:1.996665672s 
INFO [06-29|20:56:56] Successfully sealed new block            number=33 hash=60e60a…185f70
INFO [06-29|20:56:56] 🔗 block reached canonical chain          number=28 hash=6d9921…b4114b
INFO [06-29|20:56:56] 🔨 mined potential block                  number=33 hash=60e60a…185f70
INFO [06-29|20:56:56] Prepare:34 
INFO [06-29|20:56:56] Finalize:34 
INFO [06-29|20:56:56] accumulateInterestRewards 625            reward=461289062499999999999
INFO [06-29|20:56:56] Commit new mining work                   number=34 txs=0 uncles=0 elapsed=3.335ms
INFO [06-29|20:56:56] Seal:34 
INFO [06-29|20:56:56] delay:1.991053552s 
INFO [06-29|20:56:58] Successfully sealed new block            number=34 hash=8b3eee…c593ed
INFO [06-29|20:56:58] 🔗 block reached canonical chain          number=29 hash=2779b9…c71fc0
INFO [06-29|20:56:58] 🔨 mined potential block                  number=34 hash=8b3eee…c593ed
INFO [06-29|20:56:58] Prepare:35 
INFO [06-29|20:56:58] Finalize:35 
INFO [06-29|20:56:58] accumulateInterestRewards 625            reward=461289062499999999999
INFO [06-29|20:56:58] Commit new mining work                   number=35 txs=0 uncles=0 elapsed=438.069µs
INFO [06-29|20:56:58] Seal:35 
INFO [06-29|20:56:58] delay:1.997143283s 
INFO [06-29|20:57:00] Successfully sealed new block            number=35 hash=b9a73b…3ac0bb
INFO [06-29|20:57:00] 🔗 block reached canonical chain          number=30 hash=d8139e…70c31d
INFO [06-29|20:57:00] 🔨 mined potential block                  number=35 hash=b9a73b…3ac0bb
INFO [06-29|20:57:00] Prepare:36 
INFO [06-29|20:57:00] Finalize:36 
INFO [06-29|20:57:00] accumulateInterestRewards 625            reward=461289062499999999999
INFO [06-29|20:57:00] Commit new mining work                   number=36 txs=0 uncles=0 elapsed=349.663µs
INFO [06-29|20:57:00] Seal:36 
INFO [06-29|20:57:00] delay:1.997356149s 
INFO [06-29|20:57:02] Successfully sealed new block            number=36 hash=9106d0…f39cc9
INFO [06-29|20:57:02] Prepare:37 
INFO [06-29|20:57:02] 🔗 block reached canonical chain          number=31 hash=8bbb4c…d1215a
INFO [06-29|20:57:02] 🔨 mined potential block                  number=36 hash=9106d0…f39cc9
INFO [06-29|20:57:02] Finalize:37 
INFO [06-29|20:57:02] accumulateInterestRewards 625            reward=461289062499999999999
INFO [06-29|20:57:02] Commit new mining work                   number=37 txs=0 uncles=0 elapsed=1.272ms
INFO [06-29|20:57:02] Seal:37 
INFO [06-29|20:57:02] delay:1.996152481s 
INFO [06-29|20:57:04] Successfully sealed new block            number=37 hash=80264b…bdd33d
INFO [06-29|20:57:04] 🔗 block reached canonical chain          number=32 hash=e404c8…ba74d6
INFO [06-29|20:57:04] 🔨 mined potential block                  number=37 hash=80264b…bdd33d
INFO [06-29|20:57:04] Prepare:38 
INFO [06-29|20:57:04] Finalize:38 
INFO [06-29|20:57:04] accumulateInterestRewards 625            reward=461289062499999999999
INFO [06-29|20:57:04] Commit new mining work                   number=38 txs=0 uncles=0 elapsed=379.752µs
INFO [06-29|20:57:04] Seal:38 
INFO [06-29|20:57:04] delay:1.997488234s 
INFO [06-29|20:57:06] Successfully sealed new block            number=38 hash=a76a24…666c87
INFO [06-29|20:57:06] Prepare:39 
INFO [06-29|20:57:06] Finalize:39 
INFO [06-29|20:57:06] accumulateInterestRewards 625            reward=461289062499999999999
INFO [06-29|20:57:06] 🔗 block reached canonical chain          number=33 hash=60e60a…185f70
INFO [06-29|20:57:06] 🔨 mined potential block                  number=38 hash=a76a24…666c87
INFO [06-29|20:57:06] Commit new mining work                   number=39 txs=0 uncles=0 elapsed=702.153µs
INFO [06-29|20:57:06] Seal:39 
INFO [06-29|20:57:06] delay:1.99664636s 
INFO [06-29|20:57:08] Successfully sealed new block            number=39 hash=717f93…eeb932
INFO [06-29|20:57:08] 🔗 block reached canonical chain          number=34 hash=8b3eee…c593ed
INFO [06-29|20:57:08] 🔨 mined potential block                  number=39 hash=717f93…eeb932
INFO [06-29|20:57:08] Prepare:40 
INFO [06-29|20:57:08] Finalize:40 
INFO [06-29|20:57:08] accumulateInterestRewards 625            reward=461289062499999999999
INFO [06-29|20:57:08] Commit new mining work                   number=40 txs=0 uncles=0 elapsed=355.891µs
INFO [06-29|20:57:08] Seal:40 
INFO [06-29|20:57:08] delay:996.585842ms 
INFO [06-29|20:57:09] Successfully sealed new block            number=40 hash=8db21e…887ae8
INFO [06-29|20:57:09] 🔗 block reached canonical chain          number=35 hash=b9a73b…3ac0bb
INFO [06-29|20:57:09] 🔨 mined potential block                  number=40 hash=8db21e…887ae8
INFO [06-29|20:57:09] Prepare:41 
INFO [06-29|20:57:09] Finalize:41 
INFO [06-29|20:57:09] accumulateInterestRewards 625            reward=461289062499999999999
INFO [06-29|20:57:09] Commit new mining work                   number=41 txs=0 uncles=0 elapsed=542.72µs
INFO [06-29|20:57:09] Seal:41 
INFO [06-29|20:57:09] delay:996.932733ms 
INFO [06-29|20:57:10] Successfully sealed new block            number=41 hash=e57b83…ff3f66
INFO [06-29|20:57:10] 🔗 block reached canonical chain          number=36 hash=9106d0…f39cc9
INFO [06-29|20:57:10] 🔨 mined potential block                  number=41 hash=e57b83…ff3f66
INFO [06-29|20:57:10] Prepare:42 
INFO [06-29|20:57:10] Finalize:42 
INFO [06-29|20:57:10] accumulateInterestRewards 625            reward=461289062499999999999
INFO [06-29|20:57:10] Commit new mining work                   number=42 txs=0 uncles=0 elapsed=581.577µs
INFO [06-29|20:57:10] Seal:42 
INFO [06-29|20:57:10] delay:996.891256ms 
INFO [06-29|20:57:11] Successfully sealed new block            number=42 hash=ed249a…09a1d6
INFO [06-29|20:57:11] 🔗 block reached canonical chain          number=37 hash=80264b…bdd33d
INFO [06-29|20:57:11] 🔨 mined potential block                  number=42 hash=ed249a…09a1d6
INFO [06-29|20:57:11] Prepare:43 
INFO [06-29|20:57:11] Finalize:43 
INFO [06-29|20:57:11] accumulateInterestRewards 625            reward=461289062499999999999
INFO [06-29|20:57:11] Commit new mining work                   number=43 txs=0 uncles=0 elapsed=566.023µs
INFO [06-29|20:57:11] Seal:43 
INFO [06-29|20:57:11] delay:996.89846ms 
INFO [06-29|20:57:12] Successfully sealed new block            number=43 hash=8004b4…c303fc
INFO [06-29|20:57:12] 🔗 block reached canonical chain          number=38 hash=a76a24…666c87
INFO [06-29|20:57:12] 🔨 mined potential block                  number=43 hash=8004b4…c303fc
INFO [06-29|20:57:12] Prepare:44 
INFO [06-29|20:57:12] Finalize:44 
INFO [06-29|20:57:12] accumulateInterestRewards 625            reward=461289062499999999999
INFO [06-29|20:57:12] Commit new mining work                   number=44 txs=0 uncles=0 elapsed=639.218µs
INFO [06-29|20:57:12] Seal:44 
INFO [06-29|20:57:12] delay:992.189943ms 
INFO [06-29|20:57:13] Successfully sealed new block            number=44 hash=198c6f…7faf4a
INFO [06-29|20:57:13] 🔗 block reached canonical chain          number=39 hash=717f93…eeb932
INFO [06-29|20:57:13] 🔨 mined potential block                  number=44 hash=198c6f…7faf4a
INFO [06-29|20:57:13] Prepare:45 
INFO [06-29|20:57:13] Finalize:45 
INFO [06-29|20:57:13] accumulateInterestRewards 625            reward=461289062499999999999
INFO [06-29|20:57:13] Commit new mining work                   number=45 txs=0 uncles=0 elapsed=386.77µs
INFO [06-29|20:57:13] Seal:45 
INFO [06-29|20:57:13] delay:991.840645ms 
INFO [06-29|20:57:14] Successfully sealed new block            number=45 hash=83db82…d82280
INFO [06-29|20:57:14] 🔗 block reached canonical chain          number=40 hash=8db21e…887ae8
INFO [06-29|20:57:14] 🔨 mined potential block                  number=45 hash=83db82…d82280
INFO [06-29|20:57:14] Prepare:46 
INFO [06-29|20:57:14] Finalize:46 
INFO [06-29|20:57:14] accumulateInterestRewards 625            reward=461289062499999999999
INFO [06-29|20:57:14] Commit new mining work                   number=46 txs=0 uncles=0 elapsed=344.786µs
INFO [06-29|20:57:14] Seal:46 
INFO [06-29|20:57:14] delay:993.027958ms 
INFO [06-29|20:57:15] Successfully sealed new block            number=46 hash=8b508d…fda797
INFO [06-29|20:57:15] 🔗 block reached canonical chain          number=41 hash=e57b83…ff3f66
INFO [06-29|20:57:15] 🔨 mined potential block                  number=46 hash=8b508d…fda797
INFO [06-29|20:57:15] Prepare:47 
INFO [06-29|20:57:15] Finalize:47 
INFO [06-29|20:57:15] accumulateInterestRewards 625            reward=461289062499999999999
INFO [06-29|20:57:15] Commit new mining work                   number=47 txs=0 uncles=0 elapsed=472.476µs
INFO [06-29|20:57:15] Seal:47 
INFO [06-29|20:57:15] delay:995.206159ms 
INFO [06-29|20:57:16] Successfully sealed new block            number=47 hash=d5c38d…b184b1
INFO [06-29|20:57:16] 🔗 block reached canonical chain          number=42 hash=ed249a…09a1d6
INFO [06-29|20:57:16] 🔨 mined potential block                  number=47 hash=d5c38d…b184b1
INFO [06-29|20:57:16] Prepare:48 
INFO [06-29|20:57:16] Finalize:48 
INFO [06-29|20:57:16] accumulateInterestRewards 625            reward=461289062499999999999
INFO [06-29|20:57:16] Commit new mining work                   number=48 txs=0 uncles=0 elapsed=537.051µs
INFO [06-29|20:57:16] Seal:48 
INFO [06-29|20:57:16] delay:993.256599ms 
INFO [06-29|20:57:17] Successfully sealed new block            number=48 hash=69c578…ef17d5
INFO [06-29|20:57:17] Prepare:49 
INFO [06-29|20:57:17] Finalize:49 
INFO [06-29|20:57:17] accumulateInterestRewards 625            reward=461289062499999999999
INFO [06-29|20:57:17] Commit new mining work                   number=49 txs=0 uncles=0 elapsed=543.108µs
INFO [06-29|20:57:17] 🔗 block reached canonical chain          number=43 hash=8004b4…c303fc
INFO [06-29|20:57:17] 🔨 mined potential block                  number=48 hash=69c578…ef17d5
INFO [06-29|20:57:17] Seal:49 
INFO [06-29|20:57:17] delay:997.055863ms 
INFO [06-29|20:57:18] Successfully sealed new block            number=49 hash=85e2f6…91342c
INFO [06-29|20:57:18] 🔗 block reached canonical chain          number=44 hash=198c6f…7faf4a
INFO [06-29|20:57:18] 🔨 mined potential block                  number=49 hash=85e2f6…91342c
INFO [06-29|20:57:18] Prepare:50 
INFO [06-29|20:57:18] Finalize:50 
INFO [06-29|20:57:18] accumulateInterestRewards 625            reward=461289062499999999999
INFO [06-29|20:57:18] Commit new mining work                   number=50 txs=0 uncles=0 elapsed=433.697µs
INFO [06-29|20:57:18] Seal:50 
INFO [06-29|20:57:18] delay:1.992529082s 
INFO [06-29|20:57:20] Successfully sealed new block            number=50 hash=a43215…254a34
INFO [06-29|20:57:20] 🔗 block reached canonical chain          number=45 hash=83db82…d82280
INFO [06-29|20:57:20] 🔨 mined potential block                  number=50 hash=a43215…254a34
INFO [06-29|20:57:20] Prepare:51 
INFO [06-29|20:57:20] Finalize:51 
INFO [06-29|20:57:20] accumulateInterestRewards 625            reward=461289062499999999999
INFO [06-29|20:57:20] Commit new mining work                   number=51 txs=0 uncles=0 elapsed=532.875µs
INFO [06-29|20:57:20] Seal:51 
INFO [06-29|20:57:20] delay:1.994906245s 
INFO [06-29|20:57:22] Successfully sealed new block            number=51 hash=3f4540…99a411
INFO [06-29|20:57:22] 🔗 block reached canonical chain          number=46 hash=8b508d…fda797
INFO [06-29|20:57:22] 🔨 mined potential block                  number=51 hash=3f4540…99a411
INFO [06-29|20:57:22] Prepare:52 
INFO [06-29|20:57:22] Finalize:52 
INFO [06-29|20:57:22] accumulateInterestRewards 625            reward=461289062499999999999
INFO [06-29|20:57:22] Commit new mining work                   number=52 txs=0 uncles=0 elapsed=563.194µs
INFO [06-29|20:57:22] Seal:52 
INFO [06-29|20:57:22] delay:1.992732932s 
INFO [06-29|20:57:24] Successfully sealed new block            number=52 hash=bcd1ef…24a24c
INFO [06-29|20:57:24] 🔗 block reached canonical chain          number=47 hash=d5c38d…b184b1
INFO [06-29|20:57:24] 🔨 mined potential block                  number=52 hash=bcd1ef…24a24c
INFO [06-29|20:57:24] Prepare:53 
INFO [06-29|20:57:24] Finalize:53 
INFO [06-29|20:57:24] accumulateInterestRewards 625            reward=461289062499999999999
INFO [06-29|20:57:24] Commit new mining work                   number=53 txs=0 uncles=0 elapsed=505.36µs
INFO [06-29|20:57:24] Seal:53 
INFO [06-29|20:57:24] delay:1.994294865s 
INFO [06-29|20:57:26] Successfully sealed new block            number=53 hash=3ae085…0fe2c2
INFO [06-29|20:57:26] 🔗 block reached canonical chain          number=48 hash=69c578…ef17d5
INFO [06-29|20:57:26] 🔨 mined potential block                  number=53 hash=3ae085…0fe2c2
INFO [06-29|20:57:26] Prepare:54 
INFO [06-29|20:57:26] Finalize:54 
INFO [06-29|20:57:26] accumulateInterestRewards 625            reward=461289062499999999999
INFO [06-29|20:57:26] Commit new mining work                   number=54 txs=0 uncles=0 elapsed=491.088µs
INFO [06-29|20:57:26] Seal:54 
INFO [06-29|20:57:26] delay:1.9933839s 
INFO [06-29|20:57:28] Successfully sealed new block            number=54 hash=378d77…5be94e
INFO [06-29|20:57:28] Prepare:55 
INFO [06-29|20:57:28] Finalize:55 
INFO [06-29|20:57:28] accumulateInterestRewards 625            reward=461289062499999999999
INFO [06-29|20:57:28] Commit new mining work                   number=55 txs=0 uncles=0 elapsed=3.714ms
INFO [06-29|20:57:28] 🔗 block reached canonical chain          number=49 hash=85e2f6…91342c
INFO [06-29|20:57:28] 🔨 mined potential block                  number=54 hash=378d77…5be94e
INFO [06-29|20:57:28] Seal:55 
INFO [06-29|20:57:28] delay:1.994759972s 
INFO [06-29|20:57:30] Successfully sealed new block            number=55 hash=1dd387…20ca56
INFO [06-29|20:57:30] 🔗 block reached canonical chain          number=50 hash=a43215…254a34
INFO [06-29|20:57:30] 🔨 mined potential block                  number=55 hash=1dd387…20ca56
INFO [06-29|20:57:30] Prepare:56 
INFO [06-29|20:57:30] Finalize:56 
INFO [06-29|20:57:30] accumulateInterestRewards 625            reward=461289062499999999999
INFO [06-29|20:57:30] Commit new mining work                   number=56 txs=0 uncles=0 elapsed=402.271µs
INFO [06-29|20:57:30] Seal:56 
INFO [06-29|20:57:30] delay:1.996330601s 
INFO [06-29|20:57:32] Successfully sealed new block            number=56 hash=057f3f…ef4010
INFO [06-29|20:57:32] 🔗 block reached canonical chain          number=51 hash=3f4540…99a411
INFO [06-29|20:57:32] 🔨 mined potential block                  number=56 hash=057f3f…ef4010
INFO [06-29|20:57:32] Prepare:57 
INFO [06-29|20:57:32] Finalize:57 
INFO [06-29|20:57:32] accumulateInterestRewards 625            reward=461289062499999999999
INFO [06-29|20:57:32] Commit new mining work                   number=57 txs=0 uncles=0 elapsed=649.967µs
INFO [06-29|20:57:32] Seal:57 
INFO [06-29|20:57:32] delay:1.997874431s 
INFO [06-29|20:57:34] Successfully sealed new block            number=57 hash=0943d8…d0b848
INFO [06-29|20:57:34] 🔗 block reached canonical chain          number=52 hash=bcd1ef…24a24c
INFO [06-29|20:57:34] 🔨 mined potential block                  number=57 hash=0943d8…d0b848
INFO [06-29|20:57:34] Prepare:58 
INFO [06-29|20:57:34] Finalize:58 
INFO [06-29|20:57:34] accumulateInterestRewards 625            reward=461289062499999999999
INFO [06-29|20:57:34] Commit new mining work                   number=58 txs=0 uncles=0 elapsed=419.361µs
INFO [06-29|20:57:34] Seal:58 
INFO [06-29|20:57:34] delay:1.998294403s 
INFO [06-29|20:57:36] Successfully sealed new block            number=58 hash=0b7176…8d3b57
INFO [06-29|20:57:36] 🔗 block reached canonical chain          number=53 hash=3ae085…0fe2c2
INFO [06-29|20:57:36] 🔨 mined potential block                  number=58 hash=0b7176…8d3b57
INFO [06-29|20:57:36] Prepare:59 
INFO [06-29|20:57:36] Finalize:59 
INFO [06-29|20:57:36] accumulateInterestRewards 625            reward=461289062499999999999
INFO [06-29|20:57:36] Commit new mining work                   number=59 txs=0 uncles=0 elapsed=578.821µs
INFO [06-29|20:57:36] Seal:59 
INFO [06-29|20:57:36] delay:1.996583404s 
INFO [06-29|20:57:38] Successfully sealed new block            number=59 hash=69f7b3…acccb5
INFO [06-29|20:57:38] 🔗 block reached canonical chain          number=54 hash=378d77…5be94e
INFO [06-29|20:57:38] 🔨 mined potential block                  number=59 hash=69f7b3…acccb5
INFO [06-29|20:57:38] Prepare:60 
INFO [06-29|20:57:38] Finalize:60 
INFO [06-29|20:57:38] accumulateInterestRewards 625            reward=461289062499999999999
INFO [06-29|20:57:38] Commit new mining work                   number=60 txs=0 uncles=0 elapsed=470.474µs
INFO [06-29|20:57:38] Seal:60 
INFO [06-29|20:57:38] delay:998.303179ms 
INFO [06-29|20:57:39] Successfully sealed new block            number=60 hash=c82da3…ca94fe
INFO [06-29|20:57:39] 🔗 block reached canonical chain          number=55 hash=1dd387…20ca56
INFO [06-29|20:57:39] 🔨 mined potential block                  number=60 hash=c82da3…ca94fe
INFO [06-29|20:57:39] Prepare:61 
INFO [06-29|20:57:39] Finalize:61 
INFO [06-29|20:57:39] accumulateInterestRewards 625            reward=461289062499999999999
INFO [06-29|20:57:39] Commit new mining work                   number=61 txs=0 uncles=0 elapsed=398.128µs
INFO [06-29|20:57:39] Seal:61 
INFO [06-29|20:57:39] delay:998.351854ms 
INFO [06-29|20:57:40] Successfully sealed new block            number=61 hash=b9ebd5…e6e2c4
INFO [06-29|20:57:40] 🔗 block reached canonical chain          number=56 hash=057f3f…ef4010
INFO [06-29|20:57:40] 🔨 mined potential block                  number=61 hash=b9ebd5…e6e2c4
INFO [06-29|20:57:40] Prepare:62 
INFO [06-29|20:57:40] Finalize:62 
INFO [06-29|20:57:40] accumulateInterestRewards 625            reward=461289062499999999999
INFO [06-29|20:57:40] Commit new mining work                   number=62 txs=0 uncles=0 elapsed=432.223µs
INFO [06-29|20:57:40] Seal:62 
INFO [06-29|20:57:40] delay:998.378099ms 
INFO [06-29|20:57:41] Successfully sealed new block            number=62 hash=365b8a…40ed8e
INFO [06-29|20:57:41] 🔗 block reached canonical chain          number=57 hash=0943d8…d0b848
INFO [06-29|20:57:41] 🔨 mined potential block                  number=62 hash=365b8a…40ed8e
INFO [06-29|20:57:41] Prepare:63 
INFO [06-29|20:57:41] Finalize:63 
INFO [06-29|20:57:41] accumulateInterestRewards 625            reward=461289062499999999999
INFO [06-29|20:57:41] Commit new mining work                   number=63 txs=0 uncles=0 elapsed=505.798µs
INFO [06-29|20:57:41] Seal:63 
INFO [06-29|20:57:41] delay:997.991972ms 
INFO [06-29|20:57:42] Successfully sealed new block            number=63 hash=d36450…88af7d
INFO [06-29|20:57:42] 🔗 block reached canonical chain          number=58 hash=0b7176…8d3b57
INFO [06-29|20:57:42] 🔨 mined potential block                  number=63 hash=d36450…88af7d
INFO [06-29|20:57:42] Prepare:64 
INFO [06-29|20:57:42] Finalize:64 
INFO [06-29|20:57:42] accumulateInterestRewards 625            reward=461289062499999999999
INFO [06-29|20:57:42] Commit new mining work                   number=64 txs=0 uncles=0 elapsed=4.269ms
INFO [06-29|20:57:42] Seal:64 
INFO [06-29|20:57:42] delay:993.944367ms 
INFO [06-29|20:57:43] Successfully sealed new block            number=64 hash=ce96ac…b6bc41
INFO [06-29|20:57:43] 🔗 block reached canonical chain          number=59 hash=69f7b3…acccb5
INFO [06-29|20:57:43] 🔨 mined potential block                  number=64 hash=ce96ac…b6bc41
INFO [06-29|20:57:43] Prepare:65 
INFO [06-29|20:57:43] Finalize:65 
INFO [06-29|20:57:43] accumulateInterestRewards 625            reward=461289062499999999999
INFO [06-29|20:57:43] Commit new mining work                   number=65 txs=0 uncles=0 elapsed=661.656µs
INFO [06-29|20:57:43] Seal:65 
INFO [06-29|20:57:43] delay:997.658998ms 
INFO [06-29|20:57:44] Successfully sealed new block            number=65 hash=21f5d4…10fb83
INFO [06-29|20:57:44] 🔗 block reached canonical chain          number=60 hash=c82da3…ca94fe
INFO [06-29|20:57:44] 🔨 mined potential block                  number=65 hash=21f5d4…10fb83
INFO [06-29|20:57:44] Prepare:66 
INFO [06-29|20:57:44] Finalize:66 
INFO [06-29|20:57:44] accumulateInterestRewards 625            reward=461289062499999999999
INFO [06-29|20:57:44] Commit new mining work                   number=66 txs=0 uncles=0 elapsed=474.949µs
INFO [06-29|20:57:44] Seal:66 
INFO [06-29|20:57:44] delay:996.879127ms 
INFO [06-29|20:57:45] Successfully sealed new block            number=66 hash=f3cb1c…1fcfad
INFO [06-29|20:57:45] Prepare:67 
INFO [06-29|20:57:45] Finalize:67 
INFO [06-29|20:57:45] accumulateInterestRewards 625            reward=461289062499999999999
INFO [06-29|20:57:45] Commit new mining work                   number=67 txs=0 uncles=0 elapsed=575.09µs
INFO [06-29|20:57:45] 🔗 block reached canonical chain          number=61 hash=b9ebd5…e6e2c4
INFO [06-29|20:57:45] 🔨 mined potential block                  number=66 hash=f3cb1c…1fcfad
INFO [06-29|20:57:45] Seal:67 
INFO [06-29|20:57:45] delay:996.024006ms 
INFO [06-29|20:57:46] Successfully sealed new block            number=67 hash=8954ec…0014d2
INFO [06-29|20:57:46] 🔗 block reached canonical chain          number=62 hash=365b8a…40ed8e
INFO [06-29|20:57:46] 🔨 mined potential block                  number=67 hash=8954ec…0014d2
INFO [06-29|20:57:46] Prepare:68 
INFO [06-29|20:57:46] Finalize:68 
INFO [06-29|20:57:46] accumulateInterestRewards 625            reward=461289062499999999999
INFO [06-29|20:57:46] Commit new mining work                   number=68 txs=0 uncles=0 elapsed=444.01µs
INFO [06-29|20:57:46] Seal:68 
INFO [06-29|20:57:46] delay:996.045305ms 
INFO [06-29|20:57:47] Successfully sealed new block            number=68 hash=281806…f406b3
INFO [06-29|20:57:47] 🔗 block reached canonical chain          number=63 hash=d36450…88af7d
INFO [06-29|20:57:47] 🔨 mined potential block                  number=68 hash=281806…f406b3
INFO [06-29|20:57:47] Prepare:69 
INFO [06-29|20:57:47] Finalize:69 
INFO [06-29|20:57:47] accumulateInterestRewards 625            reward=461289062499999999999
INFO [06-29|20:57:47] Commit new mining work                   number=69 txs=0 uncles=0 elapsed=564.339µs
INFO [06-29|20:57:47] Seal:69 
INFO [06-29|20:57:47] delay:997.168959ms 
INFO [06-29|20:57:48] Successfully sealed new block            number=69 hash=7f5070…8be6e9
INFO [06-29|20:57:48] 🔗 block reached canonical chain          number=64 hash=ce96ac…b6bc41
INFO [06-29|20:57:48] 🔨 mined potential block                  number=69 hash=7f5070…8be6e9
INFO [06-29|20:57:48] Prepare:70 
INFO [06-29|20:57:48] Finalize:70 
INFO [06-29|20:57:48] accumulateInterestRewards 625            reward=461289062499999999999
INFO [06-29|20:57:48] Commit new mining work                   number=70 txs=0 uncles=0 elapsed=461.471µs
INFO [06-29|20:57:48] Seal:70 
INFO [06-29|20:57:48] delay:1.993236271s 
INFO [06-29|20:57:50] Successfully sealed new block            number=70 hash=5d7a3f…63853f
INFO [06-29|20:57:50] 🔗 block reached canonical chain          number=65 hash=21f5d4…10fb83
INFO [06-29|20:57:50] 🔨 mined potential block                  number=70 hash=5d7a3f…63853f
INFO [06-29|20:57:50] Prepare:71 
INFO [06-29|20:57:50] Finalize:71 
INFO [06-29|20:57:50] accumulateInterestRewards 625            reward=461289062499999999999
INFO [06-29|20:57:50] Commit new mining work                   number=71 txs=0 uncles=0 elapsed=364.786µs
INFO [06-29|20:57:50] Seal:71 
INFO [06-29|20:57:50] delay:1.994571799s 
INFO [06-29|20:57:52] Successfully sealed new block            number=71 hash=e320fb…857a91
INFO [06-29|20:57:52] 🔗 block reached canonical chain          number=66 hash=f3cb1c…1fcfad
INFO [06-29|20:57:52] 🔨 mined potential block                  number=71 hash=e320fb…857a91
INFO [06-29|20:57:52] Prepare:72 
INFO [06-29|20:57:52] Finalize:72 
INFO [06-29|20:57:52] accumulateInterestRewards 625            reward=461289062499999999999
INFO [06-29|20:57:52] Commit new mining work                   number=72 txs=0 uncles=0 elapsed=359.863µs
INFO [06-29|20:57:52] Seal:72 
INFO [06-29|20:57:52] delay:1.997535304s 
INFO [06-29|20:57:54] Successfully sealed new block            number=72 hash=38dab0…e58d91
INFO [06-29|20:57:54] 🔗 block reached canonical chain          number=67 hash=8954ec…0014d2
INFO [06-29|20:57:54] 🔨 mined potential block                  number=72 hash=38dab0…e58d91
INFO [06-29|20:57:54] Prepare:73 
INFO [06-29|20:57:54] Finalize:73 
INFO [06-29|20:57:54] accumulateInterestRewards 625            reward=461289062499999999999
INFO [06-29|20:57:54] Commit new mining work                   number=73 txs=0 uncles=0 elapsed=429.444µs
INFO [06-29|20:57:54] Seal:73 
INFO [06-29|20:57:54] delay:1.998303303s 
INFO [06-29|20:57:56] Successfully sealed new block            number=73 hash=15bad8…e114d0
INFO [06-29|20:57:56] 🔗 block reached canonical chain          number=68 hash=281806…f406b3
INFO [06-29|20:57:56] 🔨 mined potential block                  number=73 hash=15bad8…e114d0
INFO [06-29|20:57:56] Prepare:74 
INFO [06-29|20:57:56] Finalize:74 
INFO [06-29|20:57:56] accumulateInterestRewards 625            reward=461289062499999999999
INFO [06-29|20:57:56] Commit new mining work                   number=74 txs=0 uncles=0 elapsed=338.439µs
INFO [06-29|20:57:56] Seal:74 
INFO [06-29|20:57:56] delay:1.997628743s 
